5
44
30
32
37
76
100
50 93
34 93
0 48
0 90
0 35
29 93
0 46
0 10
0 41
0 79
89 93
0 72
0 45
83 93
0 57
0 82
47 93
40 53
0 53
90 93
54 93
13 93
0 6
55 93
0 68
0 16
0 78
0 69
0 65
0 54
0 14
0 52
0 88
0 8
0 83
0 20
67 93
0 22
0 7
0 71
80 93
8 93
0 5
11 93
6 93
0 93
0 26
0 36
0 51
61 93
0 86
0 59
0 39
0 24
0 66
2 93
5 93
15 93
0 19
36 93
0 27
88 93
0 1
0 67
40 93
0 87
73 93
0 81
0 18
77 93
0 70
0 40
0 92
0 21
68 71
0 3
0 34
0 75
60 93
0 17
0 11
0 60
84 93
0 49
0 50
0 56
0 73
0 91
0 28
39 93
71 93
0 2
43 93
0 31
0 33
81 93
0 9
1 93
0 38
0 62
