5
84
83
63
34
44
100
64 88
0 6
35 88
15 88
74 88
56 30
0 23
0 48
0 64
0 85
0 2
0 35
0 46
0 26
3 88
40 88
0 10
0 41
53 88
0 3
0 79
75 88
0 76
0 65
0 8
1 35
0 16
87 88
0 40
0 52
35 30
0 60
0 49
0 56
0 43
0 81
0 5
0 20
0 62
24 2
24 50
24 21
24 47
24 8
23 88
24 9
24 78
24 25
24 33
24 29
24 85
24 11
24 75
24 12
24 81
24 79
24 68
24 54
24 13
24 45
24 4
28 88
24 31
24 72
24 5
16 88
24 46
24 77
10 88
24 27
24 16
24 15
30 88
24 20
24 56
24 7
42 88
24 23
39 9
39 61
39 88
39 19
39 66
39 70
39 26
39 86
39 85
39 80
39 56
39 31
39 60
39 79
39 1
76 88
39 41
77 88
39 4
39 59
76 4
76 16
