2
14
21
100
0 73
0 55
0 33
0 39
7 73
5 73
0 27
0 15
0 32
0 56
0 70
58 73
69 73
68 73
3 73
20 73
13 73
71 73
62 73
0 41
0 31
0 50
0 24
0 53
0 52
0 3
1 73
9 73
0 35
8 73
0 48
0 71
59 73
0 60
43 73
67 73
15 73
0 54
40 73
0 10
0 51
49 73
63 73
47 73
23 73
55 73
33 7
50 73
46 73
35 73
45 73
57 73
28 73
25 73
0 8
11 73
0 2
16 73
18 73
0 68
27 73
0 20
0 64
10 73
0 4
72 73
0 36
0 19
0 17
0 61
0 69
0 25
69 48
65 73
0 66
24 73
0 45
0 44
0 29
53 73
0 38
31 73
0 23
0 40
0 42
2 73
0 65
0 63
0 11
43 42
0 47
0 58
0 34
0 37
0 43
0 46
48 73
19 73
35 34
26 73
