5
72
69
65
86
32
100
0 41
88 98
0 63
0 38
81 98
1 98
0 84
0 56
0 54
0 30
27 98
56 98
0 22
0 23
0 33
0 7
0 6
0 1
0 26
80 98
36 98
0 16
74 98
89 98
84 98
0 40
0 80
0 25
0 36
0 29
50 98
0 98
18 98
3 54
51 26
0 87
0 5
0 9
0 90
0 60
0 88
54 98
0 27
0 77
0 3
26 98
0 57
0 70
0 62
30 98
13 98
0 74
0 94
40 98
16 98
0 47
0 92
0 35
61 98
83 98
59 98
0 58
77 57
59 60
93 98
49 98
59 68
57 98
73 98
96 98
0 10
0 78
37 98
0 50
0 48
64 98
0 19
0 59
0 82
0 81
78 98
0 89
0 20
24 98
0 28
0 67
52 98
0 64
0 79
0 73
47 98
0 43
0 85
0 53
0 68
0 91
0 2
0 13
0 18
0 83
