4
4
1
5
98
100
97 99
55 95
95 99
0 2
3 55
96 99
70 94
55 59
55 70
97 94
83 79
3 30
6 55
3 16
3 33
15 11
91 94
73 57
79 94
55 96
75 69
55 62
55 81
55 75
55 85
55 73
55 83
3 9
11 55
3 35
46 55
3 41
55 97
55 88
55 61
55 64
55 78
55 94
68 94
55 72
55 77
55 58
55 68
55 67
69 94
66 61
55 71
55 92
55 57
55 66
55 56
55 87
55 80
55 93
55 69
55 76
55 86
55 82
84 94
61 94
55 74
55 89
55 60
72 94
89 94
86 94
55 63
55 79
78 94
76 94
55 90
55 91
55 84
65 72
78 88
88 94
65 70
65 75
65 90
74 94
65 60
65 69
65 74
65 94
65 61
65 96
77 94
65 78
75 94
65 62
87 94
65 82
65 58
65 91
65 85
65 92
65 88
56 94
65 76
65 95
