1
82
100
0 99
0 50
0 24
57 99
36 99
67 99
20 99
72 99
0 22
61 99
0 2
0 27
54 88
0 47
35 99
0 77
3 99
0 92
0 87
0 15
0 41
0 44
0 79
0 20
0 68
0 72
22 99
0 85
37 99
0 29
92 99
74 99
69 99
0 12
24 99
0 42
0 8
0 51
0 66
0 93
34 99
0 53
18 39
0 14
0 46
0 55
0 11
0 57
0 18
0 84
0 17
0 95
0 65
0 94
0 64
0 5
0 62
0 39
0 86
0 23
0 4
12 99
0 28
0 96
0 83
0 67
6 12
0 1
54 44
0 63
43 99
0 6
13 62
77 99
0 19
42 99
44 99
75 99
49 99
95 99
50 99
26 99
0 13
83 99
45 99
98 99
0 60
53 99
13 99
78 99
0 88
53 18
0 32
0 30
0 10
0 75
97 66
1 99
0 35
0 98
