1
2
100
0 31
0 79
0 3
0 15
0 78
77 79
52 50
0 26
0 64
0 66
78 79
1 79
24 7
1 72
0 74
72 50
24 27
26 68
58 71
30 68
74 68
0 34
0 73
0 37
0 25
0 19
0 46
0 58
0 48
0 42
0 77
0 60
0 28
0 53
0 16
3 36
0 30
0 49
65 61
0 18
0 24
53 22
0 70
3 28
0 69
0 17
0 33
0 14
0 44
5 42
0 32
0 29
0 8
0 71
0 21
5 3
0 20
0 35
5 52
20 24
20 3
76 69
76 71
76 77
76 74
76 47
45 21
45 62
78 61
72 60
72 3
72 64
72 70
32 37
32 26
3 33
3 52
4 1
3 44
3 13
3 60
3 43
3 65
3 77
3 63
3 8
3 12
3 29
3 51
3 15
21 16
21 8
69 1
69 70
40 36
35 8
56 23
71 62
71 14
65 4
