5
66
40
24
13
27
100
54 99
26 42
88 64
16 99
6 99
19 99
0 73
68 99
0 67
0 21
34 25
0 9
6 94
0 5
56 4
0 46
0 34
62 61
0 16
38 99
0 77
20 99
45 78
0 33
0 84
0 76
0 80
42 99
61 99
46 99
0 92
0 96
0 30
0 56
0 95
0 75
0 51
78 99
0 63
0 12
0 25
0 32
93 99
0 53
62 99
2 99
0 57
0 43
0 2
0 98
0 7
15 99
0 59
0 18
0 14
0 82
0 49
0 23
0 72
0 62
0 20
94 99
64 99
81 99
0 99
7 41
17 99
65 99
41 99
0 4
0 6
0 8
0 11
0 70
80 99
44 99
20 51
55 99
51 99
60 99
1 99
90 99
0 69
87 99
0 65
39 99
11 99
97 99
0 87
0 1
22 67
0 94
0 31
0 78
0 22
56 99
0 89
9 99
0 93
0 61
