1
63
90
61 65
61 59
0 62
0 61
0 3
0 4
0 1
2 3
58 65
62 60
62 65
55 59
2 62
2 1
2 61
6 5
62 52
62 59
60 65
58 59
57 65
6 61
6 10
6 62
7 62
7 61
56 60
7 8
7 3
11 61
11 62
11 10
11 15
12 61
12 62
12 8
16 15
20 24
19 18
19 15
23 22
23 27
24 28
29 33
29 30
25 21
26 22
26 27
30 31
34 35
34 33
38 42
38 37
39 43
39 40
39 35
41 42
41 37
45 49
46 50
46 47
43 47
48 52
51 52
51 61
51 62
51 55
50 61
50 62
50 54
49 62
49 61
53 61
53 62
53 54
57 61
57 58
62 58
62 3
62 55
62 5
9 61
62 56
62 54
62 1
8 61
62 10
62 9
4 61
62 8
