3
33
63
84
100
0 99
74 38
26 78
0 20
1 99
0 69
38 99
41 99
0 94
0 46
35 99
78 99
70 99
74 99
58 99
0 34
88 99
94 16
11 99
10 99
93 99
30 99
0 87
28 25
0 80
0 65
0 92
0 38
49 99
0 12
0 40
0 1
96 99
0 82
42 99
25 99
0 95
3 99
89 99
48 82
0 50
0 42
44 99
0 79
81 99
0 62
55 99
16 99
0 97
28 99
0 52
0 48
82 99
61 99
45 99
73 99
85 99
79 99
0 55
43 99
14 99
19 99
0 6
0 8
0 16
0 89
72 99
65 99
0 60
26 99
0 88
0 68
0 71
0 10
0 26
0 41
0 32
0 73
0 96
77 99
36 99
66 99
0 83
17 99
53 99
56 99
86 99
50 99
0 36
12 99
80 99
51 99
0 77
0 25
64 99
37 99
71 99
0 54
59 99
79 98
