4
34
58
60
39
100
0 99
52 99
63 99
49 99
33 99
75 99
46 99
66 99
0 17
0 70
23 99
0 52
29 99
0 42
0 91
85 99
55 99
0 16
42 99
0 87
0 62
0 40
69 99
0 3
0 63
0 13
27 99
43 99
10 99
61 99
79 99
82 99
0 9
0 67
0 85
0 14
0 44
0 77
87 99
0 33
0 43
0 6
0 5
0 54
0 47
0 83
0 4
0 12
0 84
78 99
88 99
0 1
95 99
40 99
0 8
0 74
0 95
45 99
86 99
89 99
0 35
57 99
65 99
0 15
12 99
0 68
89 32
0 71
0 66
16 99
0 28
25 99
0 72
0 49
62 99
0 90
84 99
95 76
21 15
70 99
0 45
0 20
5 99
76 99
0 30
94 99
0 73
1 99
0 46
0 93
48 21
32 99
0 29
0 86
0 82
0 19
0 48
0 69
0 64
0 50
