5
18
8
50
32
17
100
0 71
0 84
46 99
0 13
0 48
95 99
0 4
0 99
0 74
60 99
88 99
0 85
0 58
0 40
0 43
0 60
0 52
0 94
0 73
0 95
0 59
0 89
0 87
0 39
0 27
86 99
0 82
79 31
64 99
0 55
0 83
0 65
23 99
0 41
10 99
66 99
0 9
0 68
0 56
13 99
56 99
68 99
0 35
0 34
0 21
0 19
0 77
0 63
0 11
0 54
85 99
0 26
0 75
0 86
0 62
0 81
0 64
37 99
69 99
0 79
0 90
0 70
0 93
0 69
0 2
0 25
12 99
0 57
0 49
0 92
0 37
0 42
0 53
9 99
0 24
0 3
0 29
0 76
0 12
0 1
0 14
72 48
0 28
0 36
0 72
0 16
0 51
0 15
0 7
0 97
0 96
61 99
20 99
0 33
0 66
0 23
0 20
0 80
27 99
0 78
