5
11
1
21
31
50
100
41 51
34 35
42 52
41 32
57 67
79 89
43 53
76 77
98 99
88 89
97 98
42 51
46 55
42 43
42 33
32 33
32 23
22 23
22 13
12 13
12 2
3 13
4 5
4 13
14 5
38 48
14 13
87 88
97 88
78 88
25 35
14 15
14 23
24 25
34 43
34 44
24 15
24 33
24 34
33 43
25 26
25 16
15 6
16 17
16 26
7 17
8 17
8 18
39 49
48 58
28 37
38 47
56 66
9 19
16 7
15 5
59 69
57 66
57 58
78 79
68 69
55 65
48 49
18 17
66 67
27 36
87 78
86 77
87 77
56 65
84 85
67 77
67 68
58 68
58 59
68 78
27 37
27 17
18 28
18 27
19 29
38 37
39 48
26 36
35 44
35 45
45 54
36 45
36 46
55 64
37 46
57 56
47 56
46 45
55 54
63 73
62 72
63 64
54 64
81 82
