5
30
11
80
66
77
100
53 97
0 7
24 97
0 79
0 48
0 86
0 95
0 19
0 46
0 74
0 33
0 78
68 97
2 72
40 97
0 51
0 73
0 23
0 2
0 41
0 12
0 3
19 97
0 67
8 97
0 68
46 97
0 59
0 49
0 37
0 13
0 29
35 97
2 97
36 97
0 62
0 44
21 97
6 97
0 81
0 54
73 95
31 97
0 76
0 56
0 87
0 18
0 8
0 28
0 71
83 97
0 32
0 94
39 97
0 50
0 17
0 75
0 88
64 97
0 97
95 97
1 97
7 97
50 97
0 22
0 9
91 97
89 97
0 53
0 60
27 43
0 6
0 83
34 97
0 27
28 97
0 70
49 97
41 97
12 97
0 26
0 10
33 97
0 34
52 97
0 24
0 35
0 93
76 97
69 97
16 97
26 97
57 97
60 97
58 97
67 97
81 97
38 97
0 4
0 45
