5
57
51
72
11
7
100
85 99
0 32
45 99
0 4
0 22
0 50
0 37
0 95
98 99
0 5
33 99
0 14
0 84
28 99
38 99
60 99
0 46
0 75
0 18
0 42
0 88
0 9
0 13
0 19
0 24
0 30
0 66
0 85
16 99
0 89
0 98
0 40
0 86
0 41
0 67
0 49
0 82
0 17
0 21
0 45
0 6
0 60
0 47
0 52
0 80
0 77
0 96
0 34
61 27
61 36
56 99
61 68
61 87
61 64
61 19
61 25
61 58
61 83
61 15
61 85
61 92
61 76
61 74
61 14
61 99
61 50
61 43
61 47
65 99
61 1
61 70
61 24
61 38
3 99
61 44
61 80
61 33
61 66
61 5
61 60
10 99
61 31
61 9
61 55
32 99
73 99
61 98
61 84
61 3
86 99
61 4
61 90
61 42
61 34
61 2
61 69
86 70
86 73
81 99
86 96
