5
97
2
42
52
5
100
0 36
0 13
0 98
0 32
23 99
85 99
18 99
0 29
0 11
0 54
0 93
0 81
0 8
89 4
0 63
9 99
22 99
0 23
0 59
44 99
0 51
0 31
0 95
0 38
0 35
0 78
0 75
0 58
49 99
55 99
34 99
4 99
32 99
0 10
39 99
54 99
15 99
41 99
0 27
71 99
0 84
0 26
0 56
0 9
72 99
0 49
0 25
0 19
0 65
0 88
0 68
86 99
0 99
0 48
0 34
29 99
0 37
0 7
0 92
0 20
0 90
0 3
27 99
0 43
0 87
41 69
83 99
48 99
0 79
0 67
16 99
0 96
26 50
69 99
0 66
47 99
0 57
0 21
72 96
0 33
0 74
24 99
0 62
0 64
0 85
12 99
28 99
0 53
8 96
90 99
0 45
0 39
0 41
50 99
10 99
35 99
45 99
59 96
73 99
79 99
