5
41
58
28
51
15
100
48 93
0 62
0 87
0 70
0 18
0 48
0 73
0 50
90 93
0 88
0 4
0 35
0 74
0 89
0 21
0 1
0 36
7 93
80 91
75 47
59 25
33 93
47 93
80 17
89 93
70 93
78 93
80 75
80 59
4 93
63 20
80 71
80 31
80 40
80 1
80 62
80 49
80 90
6 93
42 93
3 93
20 93
53 93
29 93
70 5
68 93
43 93
80 70
80 6
80 56
80 10
77 50
42 5
77 61
77 81
77 2
77 67
77 25
77 34
22 84
77 60
21 5
77 10
66 5
77 90
77 92
77 45
77 69
77 44
77 21
77 29
77 57
77 71
43 7
59 5
22 5
68 5
64 5
55 5
87 5
14 5
57 44
43 88
84 5
2 5
44 5
43 82
12 5
43 39
43 70
43 27
43 25
43 66
43 74
43 68
11 5
43 18
43 79
48 5
43 55
