5
21
54
97
41
94
100
36 58
56 99
0 24
74 99
4 99
0 14
0 46
0 8
0 27
0 6
0 3
70 99
0 2
37 99
34 99
0 99
81 99
52 49
2 99
9 99
0 69
0 31
0 42
52 99
34 27
28 99
86 99
0 15
0 34
33 99
0 13
0 4
0 51
49 99
0 59
92 99
0 91
0 39
0 10
8 99
0 25
7 99
0 52
0 85
0 33
0 29
0 72
0 79
38 24
33 30
22 99
0 76
0 71
0 64
0 53
0 55
22 24
0 60
30 99
0 77
0 19
0 98
82 99
53 99
89 24
0 50
0 44
0 17
0 81
60 99
0 65
24 99
0 5
78 99
27 99
0 22
83 99
0 75
0 9
0 92
74 46
0 1
11 61
0 26
66 71
31 99
3 99
15 99
0 16
38 99
32 99
0 49
0 74
71 99
0 90
0 37
16 99
0 35
0 63
61 99
