5
19
18
86
87
61
100
60 96
56 96
0 31
80 96
0 96
0 27
0 13
0 93
0 68
0 3
71 96
47 96
0 32
0 45
0 44
0 91
88 96
0 64
49 96
0 47
0 94
0 39
16 96
47 17
52 96
0 74
64 96
79 96
0 38
0 4
0 95
91 96
37 96
0 82
32 96
21 96
0 57
0 20
0 52
0 35
0 66
78 96
0 79
0 26
0 72
28 96
95 96
0 25
0 37
0 21
57 6
75 96
0 60
0 30
0 78
0 51
0 42
73 96
0 59
6 96
46 96
69 96
5 96
0 36
1 96
0 24
0 40
66 70
0 43
0 81
0 50
35 96
0 69
39 34
10 96
0 9
0 22
34 96
0 6
0 75
7 65
89 96
0 5
0 83
0 23
0 76
0 28
70 96
8 57
65 96
0 29
24 2
0 56
68 96
24 96
57 96
2 96
0 8
11 96
0 7
