5
23
25
13
14
29
100
0 73
0 62
0 36
0 16
0 12
0 18
0 22
28 71
17 84
0 40
1 84
0 79
0 35
0 10
0 34
0 80
0 24
0 8
48 84
11 84
71 84
15 84
51 31
0 53
43 84
21 84
0 56
0 59
0 33
0 55
0 64
0 42
0 11
0 51
75 18
0 4
74 11
31 84
74 59
61 84
83 84
74 4
74 24
74 50
74 43
5 60
36 84
74 44
20 84
74 77
73 64
74 56
74 62
74 34
64 84
75 84
40 47
74 15
74 39
74 61
74 53
68 84
74 37
74 51
74 72
74 76
74 83
24 84
74 64
74 81
74 66
74 17
60 84
74 52
74 55
74 57
74 46
74 80
74 73
74 65
63 84
33 84
76 84
80 84
74 20
74 63
71 55
71 24
71 37
56 84
71 65
71 8
71 73
79 84
71 21
71 76
71 44
71 12
71 20
71 7
