5
43
19
68
63
17
100
0 80
0 21
0 31
0 7
0 57
0 89
0 59
0 36
0 13
6 99
34 99
3 99
34 2
11 99
12 99
0 60
0 5
46 99
0 40
0 88
97 99
89 10
0 62
0 33
0 70
45 93
2 99
10 99
29 56
0 61
0 94
0 54
48 52
89 58
0 45
93 99
95 99
0 10
0 46
0 51
0 3
58 99
72 99
0 41
0 81
0 65
0 28
0 86
0 72
0 73
52 99
0 6
56 99
96 99
92 99
0 85
0 39
0 55
0 1
0 58
42 99
23 99
0 83
0 93
64 99
69 99
0 42
0 30
13 99
54 99
36 99
0 99
0 75
31 99
5 99
47 15
0 27
41 99
0 97
0 98
0 47
0 67
37 99
71 99
29 80
0 56
40 18
15 99
0 34
0 12
59 99
14 99
0 35
90 99
0 25
80 99
34 28
98 99
0 11
0 53
