5
90
31
35
45
21
100
0 93
75 99
0 52
0 87
78 99
28 42
0 7
0 32
0 69
38 99
42 99
0 61
0 86
0 79
0 19
0 23
92 99
0 54
0 24
0 14
0 99
0 84
73 99
39 99
33 99
18 99
7 99
20 99
0 91
0 71
80 99
64 99
54 99
97 99
40 99
0 88
0 59
0 72
0 25
22 53
24 99
20 94
2 99
65 99
0 20
0 77
16 99
0 4
89 99
0 47
0 57
0 22
0 17
5 99
53 99
70 99
0 58
87 99
96 99
28 99
26 99
74 99
91 99
93 99
41 99
34 99
79 99
0 98
32 99
52 99
0 37
0 30
0 33
0 3
47 99
0 65
81 99
0 67
0 49
0 34
0 12
0 81
27 99
0 50
0 39
61 99
0 83
0 27
59 99
57 99
0 97
55 99
0 64
0 26
0 92
0 70
0 60
0 2
0 74
62 99
