5
69
81
22
62
78
100
0 5
0 83
0 90
0 17
0 27
0 75
33 99
0 65
19 5
41 99
0 82
0 7
71 99
0 32
0 63
9 99
34 99
0 79
38 99
0 28
0 19
0 89
0 60
0 53
0 88
0 42
75 99
94 99
51 5
0 14
0 58
0 91
0 92
0 96
0 11
0 57
0 9
0 3
49 99
0 10
0 87
5 99
85 99
73 99
53 99
0 98
51 99
54 99
35 99
84 99
86 99
0 49
70 99
0 26
66 99
88 99
0 36
0 4
61 99
0 6
42 99
76 99
0 54
0 23
28 99
43 99
27 99
37 99
0 50
59 99
0 12
0 99
0 18
0 56
0 76
2 99
95 99
96 99
0 44
0 74
0 84
0 61
12 99
0 40
0 52
0 45
0 21
0 73
0 37
23 99
0 66
14 99
87 99
18 99
44 99
30 99
58 99
39 99
19 99
4 99
