1
80
100
0 99
0 53
0 79
90 9
52 99
95 99
0 72
6 99
0 76
0 30
0 12
0 90
92 99
66 64
44 99
0 24
36 99
0 70
45 99
78 99
0 82
0 8
34 99
64 99
0 66
0 10
0 20
0 85
96 99
0 34
24 99
0 49
0 61
69 99
0 33
0 93
0 48
0 19
0 38
0 3
0 56
0 83
23 99
37 99
0 21
0 26
0 69
82 99
58 99
41 99
67 99
90 99
0 89
0 81
0 16
66 99
26 99
98 99
0 52
68 99
16 99
0 40
0 27
0 57
0 46
0 43
0 23
0 58
0 88
0 77
0 86
0 25
0 50
0 95
0 91
0 45
0 22
85 99
0 6
0 98
0 29
0 71
0 41
0 17
59 99
21 99
0 92
0 62
0 1
28 99
0 5
0 97
84 99
10 99
0 74
0 35
0 59
0 9
48 4
0 39
