1
52
100
0 94
0 35
61 94
13 94
0 25
0 83
0 33
77 94
0 14
44 94
0 70
0 72
0 61
85 94
0 34
39 94
0 56
0 42
0 76
0 39
0 43
0 80
0 79
84 94
0 49
0 17
5 94
89 94
47 94
12 94
62 94
25 94
0 69
87 94
0 48
0 21
0 40
65 94
0 36
0 8
0 66
0 31
91 94
23 94
20 51
81 94
0 28
0 38
0 37
0 9
51 94
0 11
31 94
0 86
0 60
0 55
0 26
0 65
30 94
34 94
0 18
0 3
46 94
8 94
83 94
0 81
26 94
64 94
3 94
41 94
82 94
0 57
88 94
0 54
0 92
0 45
0 64
56 94
0 6
57 94
0 84
0 75
0 7
0 90
0 93
0 71
53 94
0 44
23 93
0 82
0 85
0 22
53 73
0 23
0 50
0 53
0 63
0 47
0 24
14 94
