5
40
52
17
34
26
100
0 15
19 54
0 10
0 44
0 21
0 47
0 8
0 5
0 9
0 11
0 45
0 46
20 54
0 35
38 54
18 54
0 36
25 54
14 54
0 23
0 19
0 42
0 18
0 24
33 54
29 54
6 54
35 54
11 54
46 54
10 54
22 54
8 54
27 54
43 54
5 54
0 20
0 41
0 48
0 33
0 13
0 14
0 25
0 22
0 12
0 16
32 54
0 39
21 54
0 7
0 43
49 21
49 1
49 43
49 54
47 54
23 54
45 54
5 44
49 48
49 10
51 54
44 54
49 16
49 33
49 23
24 1
49 4
49 27
42 54
49 22
49 50
1 54
49 47
49 2
49 24
49 11
16 54
48 54
50 54
12 54
38 15
49 6
49 29
49 30
50 15
49 41
2 54
49 12
15 54
49 45
53 54
30 54
49 44
37 36
49 9
49 20
49 53
49 51
49 32
