5
30
44
10
38
7
100
18 51
35 51
0 13
20 51
33 51
0 42
50 8
39 51
25 51
16 51
32 51
0 29
49 51
29 51
21 51
0 45
0 50
40 51
28 51
5 51
0 37
0 33
1 51
0 22
0 12
0 23
0 35
50 51
33 13
31 51
13 51
0 20
0 24
22 51
0 40
0 6
42 51
9 51
0 3
9 3
0 5
0 16
0 46
49 3
15 3
29 3
31 3
36 3
23 3
21 12
25 3
31 35
12 3
35 3
45 3
16 3
6 3
0 28
11 3
1 3
27 3
39 3
0 32
31 47
4 37
19 3
0 41
0 11
50 37
0 19
20 3
0 8
0 2
0 49
0 31
27 33
27 12
27 46
27 8
27 28
27 49
27 45
27 37
27 11
20 47
21 3
32 3
27 15
34 3
27 21
27 40
27 41
27 2
27 22
37 3
27 29
18 24
27 26
4 3
42 3
