5
49
38
17
62
41
100
0 56
0 25
0 20
0 36
0 33
0 23
0 29
24 5
67 81
25 81
78 81
44 81
24 53
61 54
75 81
55 81
48 81
21 81
72 81
24 66
65 81
24 67
24 2
24 12
24 63
24 23
16 79
77 79
24 54
78 79
24 61
4 59
74 79
14 18
4 46
4 14
4 69
4 45
4 78
4 63
37 79
11 79
4 21
4 33
60 79
4 18
3 79
4 6
4 11
4 58
35 75
15 79
35 66
35 3
35 26
12 79
35 63
35 58
27 79
35 59
35 36
35 14
64 79
7 23
7 44
7 56
7 10
7 16
7 30
7 39
7 75
7 8
65 77
65 64
65 55
21 79
65 46
65 11
65 53
18 2
65 70
65 18
65 78
47 79
11 25
65 19
65 29
30 79
65 68
65 63
65 30
69 58
42 10
29 79
69 34
25 79
69 57
33 79
1 79
10 79
