5
68
36
9
72
91
100
66 96
5 21
38 96
21 96
65 96
17 96
18 96
0 58
28 96
85 96
0 84
54 96
11 96
69 96
6 96
0 4
8 96
0 27
31 84
0 37
0 13
50 96
24 96
84 96
0 31
0 23
0 19
3 96
0 76
31 96
19 96
35 96
49 96
0 57
0 79
46 96
0 69
0 67
0 94
87 96
47 96
0 44
0 12
16 96
58 96
92 57
0 34
0 75
0 59
0 61
80 96
0 10
0 66
57 96
55 96
0 39
81 96
0 63
44 96
0 51
0 40
23 96
71 96
2 96
34 96
0 53
0 28
0 85
74 96
0 18
0 15
0 70
0 64
0 46
78 26
78 96
30 96
60 51
92 96
51 96
90 96
0 50
0 78
0 93
0 60
41 96
26 96
4 5
0 87
0 3
0 41
0 95
65 37
0 90
0 17
0 11
0 20
0 92
29 96
56 96
