5
32
28
20
40
7
100
15 74
0 38
0 69
43 74
0 46
0 4
0 58
73 74
0 11
0 60
66 74
0 1
0 48
0 21
0 6
0 61
0 62
0 64
46 74
71 74
44 74
0 53
0 8
0 33
46 38
0 10
54 74
0 51
0 55
0 73
0 36
58 74
0 17
0 35
0 23
0 44
0 24
16 47
0 54
33 74
0 29
0 15
0 13
0 12
0 43
48 74
0 68
0 56
0 18
0 26
0 72
0 59
0 49
0 71
0 5
0 41
17 74
67 11
0 37
0 34
0 25
0 45
0 74
0 65
42 74
0 31
0 67
0 70
38 74
0 47
0 27
0 22
23 74
0 66
0 14
0 30
0 19
0 3
11 74
0 2
0 16
57 74
0 42
0 9
52 30
0 39
0 63
0 57
31 74
0 52
48 30
50 68
50 35
30 74
25 74
50 39
50 8
50 44
59 74
50 65
