5
5
97
23
18
42
100
0 49
0 69
0 57
0 74
0 70
0 8
0 53
0 15
0 96
0 27
92 40
0 72
0 92
0 88
58 99
0 14
0 7
0 95
0 91
0 50
0 62
17 99
0 99
0 87
0 94
0 68
77 14
66 99
1 53
56 2
22 99
83 99
0 24
0 98
1 31
15 99
0 77
40 99
0 32
3 99
0 1
0 81
0 52
0 31
0 67
36 99
0 61
0 59
0 16
0 28
0 3
0 10
27 99
62 2
0 86
0 13
0 83
0 37
0 78
0 17
0 33
0 21
90 99
2 99
41 99
62 10
0 84
0 93
0 80
0 11
43 99
0 35
0 58
0 79
0 43
92 99
14 99
26 99
94 99
12 99
50 99
11 99
89 45
0 54
24 99
0 44
45 99
0 65
74 99
0 71
0 26
51 99
0 30
0 64
0 34
0 63
0 46
9 99
0 89
0 56
