5
40
87
80
98
59
100
83 99
52 85
88 99
45 85
10 51
51 85
73 69
57 69
36 69
0 32
48 69
0 30
0 54
84 69
0 16
94 96
77 69
0 29
4 96
29 96
0 43
31 96
88 81
62 81
91 86
19 86
63 86
0 10
41 30
0 6
38 36
0 63
0 64
2 30
74 16
71 72
74 46
74 49
74 91
30 72
76 72
31 72
74 90
36 72
74 68
9 72
43 76
43 75
18 72
64 72
30 75
30 90
18 5
28 19
18 48
51 19
28 27
28 63
28 25
28 20
28 12
28 64
28 1
90 49
42 39
90 41
90 64
90 29
90 23
6 61
6 33
6 84
6 44
6 32
6 63
92 13
92 68
92 48
54 73
54 53
54 1
54 70
22 19
54 77
39 19
54 26
7 82
1 19
82 19
47 19
14 21
58 21
68 93
32 93
38 93
7 93
4 93
84 58
84 22
13 25
