5
75
68
92
6
20
100
0 3
0 44
0 14
91 47
42 99
23 99
58 99
57 99
0 22
0 16
47 99
34 99
0 18
28 99
0 9
0 99
0 49
0 15
0 2
84 99
38 11
31 99
0 39
0 10
59 99
67 99
0 66
11 99
0 61
18 99
0 57
0 43
0 80
0 88
91 21
61 99
66 99
0 64
0 50
0 13
21 99
79 99
80 99
0 33
25 99
0 40
0 76
0 72
0 4
0 26
0 91
0 59
0 67
0 34
0 73
0 78
17 81
38 99
0 65
0 71
62 99
0 97
96 99
0 30
0 5
0 53
54 99
0 17
72 99
45 99
82 46
0 35
93 99
46 99
32 63
53 99
37 99
70 99
63 99
0 11
0 45
0 90
0 60
35 99
94 99
0 79
85 99
0 19
71 99
0 7
0 21
0 23
0 27
46 52
82 99
5 99
95 99
36 99
97 99
46 35
