5
67
43
48
83
69
100
88 76
27 64
88 42
82 89
70 89
7 89
88 72
10 58
72 44
88 61
71 44
37 44
88 35
73 65
45 65
80 57
27 39
18 57
27 40
36 57
4 57
42 57
21 85
27 72
27 11
40 49
14 57
85 57
2 49
85 82
23 86
41 73
45 86
27 34
66 14
71 14
27 35
2 8
21 38
39 78
39 2
39 66
77 76
33 55
80 8
55 8
59 56
7 56
16 87
15 26
16 37
16 52
16 15
35 6
53 18
53 1
62 26
53 17
13 26
78 26
33 23
36 26
53 52
25 46
53 30
53 50
23 46
84 33
84 22
80 19
80 20
17 46
59 46
34 46
72 6
72 11
31 47
31 33
42 17
42 37
71 30
74 5
74 34
28 78
28 61
66 63
66 11
28 37
55 46
66 37
15 23
20 79
1 46
41 7
85 46
20 25
20 9
20 81
33 79
54 62
