4
41
58
98
70
89
78 99
64 99
0 18
0 84
0 40
96 31
79 92
76 85
37 31
76 12
47 11
44 51
90 31
56 30
61 21
90 65
11 65
85 84
46 97
15 24
96 24
56 37
44 8
68 45
18 42
68 77
46 44
38 92
63 71
63 56
63 50
97 92
39 92
59 60
19 97
38 97
29 59
91 8
83 8
4 77
39 94
55 28
16 62
2 62
95 62
32 64
22 20
22 1
73 38
73 72
57 64
15 11
33 64
86 64
87 33
25 40
5 80
45 43
45 74
45 91
45 23
25 4
83 53
14 25
78 57
74 32
10 32
3 32
1 35
96 16
78 9
78 52
91 19
69 87
39 74
84 19
67 13
12 61
51 61
17 96
49 71
2 90
17 34
27 18
12 51
54 50
27 50
34 3
15 43
