4
86
57
69
60
100
0 37
0 95
0 56
0 73
0 82
0 75
0 92
3 36
3 92
3 93
3 94
3 66
3 45
3 90
3 64
3 22
3 63
3 81
3 67
98 20
98 39
98 67
98 22
98 90
98 6
98 81
98 89
98 94
72 74
72 59
72 91
72 55
72 34
72 62
72 5
72 8
72 31
72 9
9 56
72 65
72 42
72 43
72 32
92 84
92 33
92 96
92 36
92 79
92 88
92 7
92 13
92 95
92 53
92 5
92 17
92 24
92 67
1 56
1 78
1 97
1 95
1 8
96 99
1 13
1 71
1 77
1 30
1 6
42 22
42 85
42 24
42 44
42 58
42 10
42 12
42 27
42 39
42 40
42 31
42 95
42 80
23 63
23 20
23 5
23 26
23 81
23 8
23 33
23 35
23 38
23 17
23 80
23 97
23 2
66 75
66 87
66 46
66 39
66 33
66 21
