5
5
64
52
61
4
100
28 99
0 44
35 99
18 99
15 93
0 92
98 99
37 99
19 99
0 8
41 99
39 99
57 54
2 99
54 99
15 99
93 99
0 59
96 99
0 39
67 99
26 99
0 70
0 43
44 99
0 34
0 27
0 1
0 57
0 68
0 73
0 48
40 99
74 99
13 99
0 63
0 58
0 78
67 91
67 96
49 22
85 42
67 44
67 85
67 60
67 48
67 97
67 73
67 22
67 1
67 6
67 39
67 27
67 75
67 77
67 45
67 71
67 57
67 37
67 29
92 41
92 22
92 31
57 87
66 22
94 22
15 22
92 37
92 81
9 22
87 22
25 22
55 22
14 22
98 22
16 22
92 13
56 22
30 22
90 22
13 22
35 28
6 28
92 53
92 76
25 28
84 97
92 88
24 28
92 6
95 28
12 28
21 28
92 27
92 20
92 43
97 28
92 54
92 42
60 28
