5
21
8
10
26
49
100
0 88
2 98
0 29
0 18
0 69
0 57
0 14
74 71
0 6
47 98
12 98
60 98
0 70
3 98
22 98
71 98
0 27
0 72
81 98
97 98
17 98
0 68
0 61
0 9
0 4
0 56
57 98
0 83
0 91
92 98
79 82
53 98
39 98
59 98
29 98
84 63
82 98
0 75
63 98
0 84
0 13
0 54
0 19
45 98
31 98
11 98
4 98
0 48
89 98
50 98
58 98
0 53
0 20
19 98
54 98
0 35
0 67
86 17
0 50
36 98
0 86
0 95
13 98
0 64
0 80
0 73
65 98
55 40
55 41
69 98
55 65
17 44
31 44
52 44
56 44
68 44
55 77
5 44
55 1
45 44
16 44
64 44
55 3
55 13
55 67
2 44
3 44
76 44
55 43
55 39
78 66
47 44
87 44
60 66
55 12
66 44
82 44
9 44
55 58
63 44
