5
60
48
92
61
19
100
0 58
23 99
79 99
0 69
0 88
0 2
49 99
70 78
20 99
77 99
0 15
0 93
0 98
0 1
78 99
58 99
6 99
0 7
0 18
0 12
0 99
0 22
0 62
65 93
0 23
0 20
0 47
0 67
0 30
0 63
84 99
0 71
0 38
0 34
0 84
9 90
0 39
76 99
0 57
0 9
0 26
0 6
0 31
0 95
0 72
33 49
0 14
15 99
87 99
83 99
90 99
52 99
0 25
66 99
82 99
25 99
50 99
30 99
97 99
0 4
3 99
0 37
85 99
0 33
94 99
0 5
0 27
0 75
0 94
44 87
44 43
44 9
44 47
44 81
44 26
44 98
44 68
67 99
56 99
44 58
44 93
44 86
44 71
44 31
29 99
44 88
72 99
89 99
44 95
44 76
44 62
44 80
44 73
44 8
65 87
74 99
44 36
44 35
44 77
44 45
