5
3
67
46
85
74
100
78 99
1 39
2 71
87 99
51 99
97 98
2 23
2 61
73 98
11 10
40 17
11 12
33 38
18 17
33 84
16 17
87 82
83 82
48 81
33 32
78 79
8 7
78 7
10 4
33 55
33 91
5 6
4 6
70 69
33 36
33 34
73 77
57 69
78 29
86 50
59 69
86 87
29 69
86 10
65 29
51 52
50 12
50 36
51 72
50 16
50 49
71 8
92 29
71 83
30 29
64 28
87 97
64 27
77 27
16 15
66 27
48 25
87 88
24 25
70 94
21 91
70 4
95 91
87 94
19 92
20 95
63 97
70 16
70 23
38 39
48 47
22 40
76 77
8 78
39 77
14 38
39 40
43 42
37 36
83 84
14 15
14 47
21 20
13 66
87 9
23 24
87 21
83 20
18 19
75 76
5 4
39 56
83 8
31 64
60 23
43 38
37 23
31 18
9 10
31 30
