3
18
13
68
100
0 99
0 29
0 84
6 99
0 33
72 12
76 99
0 71
0 73
0 77
0 20
0 38
0 44
0 36
0 67
0 53
0 21
0 26
0 70
0 87
43 99
12 99
61 99
0 51
77 99
16 99
0 62
0 8
0 57
17 99
0 78
0 49
0 63
11 99
51 99
0 23
65 84
0 74
0 66
0 80
0 88
0 37
0 96
70 99
0 43
0 19
87 99
0 61
75 99
0 48
0 10
0 32
0 9
42 99
0 7
36 99
27 99
0 95
78 99
0 16
0 90
0 56
0 12
0 54
34 99
0 41
0 45
0 25
0 30
0 92
0 40
0 5
0 93
0 72
84 99
0 28
0 55
21 99
0 39
0 2
48 99
0 58
0 65
0 42
0 50
47 99
0 24
0 46
0 82
0 86
0 94
0 89
0 22
0 91
0 98
2 99
0 83
0 79
0 76
0 59
