5
23
84
75
4
72
100
14 98
18 98
0 71
0 60
0 21
91 98
59 98
0 7
0 22
0 61
0 26
0 6
0 92
96 98
0 25
90 98
0 17
0 31
26 29
0 48
63 60
0 18
0 43
0 89
0 58
0 76
65 98
6 98
0 28
0 41
0 49
5 98
0 44
0 56
0 79
0 42
0 33
0 3
9 98
0 35
15 98
0 95
10 98
0 30
0 38
0 81
77 98
0 91
0 68
50 98
15 60
0 82
0 83
0 59
0 97
0 96
0 74
68 98
0 70
0 10
5 38
0 54
13 92
0 14
0 1
0 53
0 94
27 98
0 8
32 21
0 40
0 85
0 77
0 29
0 57
0 87
61 98
27 81
0 34
12 38
46 98
7 98
0 50
0 90
0 45
30 28
0 11
83 98
0 80
0 93
0 78
60 98
0 64
0 37
17 98
0 55
0 16
0 2
0 27
0 62
