2
2
3
94
4 6
4 7
5 7
5 8
12 15
27 30
12 14
26 29
12 13
34 36
6 8
6 7
9 12
9 8
9 7
9 11
10 13
10 11
10 12
10 8
11 13
42 44
33 35
43 44
50 53
46 49
27 29
28 30
31 34
31 33
31 30
28 29
31 32
29 32
30 33
32 34
32 33
25 28
27 28
14 17
14 16
14 15
13 16
15 18
15 17
16 19
18 21
23 26
19 22
17 20
24 26
18 20
25 26
19 21
22 25
18 19
24 27
20 23
24 25
20 22
21 23
22 23
21 24
16 17
35 38
35 36
35 34
40 42
37 38
37 39
37 40
37 36
36 38
39 42
39 41
39 38
41 44
43 46
45 48
45 47
45 44
46 47
46 48
41 42
43 45
40 43
40 41
47 50
47 48
49 52
51 52
49 50
48 50
49 51
