1
54
100
0 98
2 36
22 98
57 98
36 98
10 3
25 98
42 98
0 66
3 98
10 9
61 98
66 98
9 98
67 15
41 98
23 98
37 98
5 98
73 24
60 98
50 98
17 98
24 98
21 98
0 67
22 62
67 62
85 62
84 24
15 62
2 26
0 86
21 62
24 62
81 62
91 62
26 62
58 62
0 42
71 62
0 25
68 62
37 77
0 56
37 90
0 16
96 62
0 59
97 62
0 81
42 62
42 90
23 62
51 62
0 65
0 37
0 1
0 17
0 97
0 47
61 86
0 71
77 62
0 10
0 4
0 72
78 62
0 41
0 51
53 83
0 9
0 12
95 62
0 84
51 90
86 62
0 57
5 93
0 94
83 62
5 62
12 62
75 62
90 62
60 62
14 65
51 65
27 65
48 65
31 65
23 65
4 65
0 60
0 22
0 61
5 65
42 40
61 68
33 65
