5
10
24
25
74
14
100
0 45
78 99
0 20
53 99
0 36
4 99
0 29
55 99
49 99
0 97
0 89
23 99
72 99
59 99
0 50
0 62
0 91
0 68
0 77
40 99
0 96
19 99
0 52
0 59
15 99
70 99
42 99
0 71
51 18
76 99
0 9
48 99
7 99
21 99
0 44
0 13
0 38
33 99
0 66
0 81
28 99
2 99
91 99
0 46
50 99
0 86
0 3
87 99
0 84
0 15
41 99
0 12
0 34
0 65
0 6
0 72
0 87
0 30
0 60
0 33
0 47
0 23
0 41
63 52
0 26
0 51
88 99
82 99
11 99
65 99
34 99
0 63
20 99
0 56
54 99
0 67
0 83
0 7
0 70
0 79
0 8
0 69
0 54
42 66
42 77
42 96
42 45
42 60
42 6
42 86
42 20
71 99
58 99
42 8
42 59
67 99
42 12
22 99
42 37
63 99
