5
27
40
34
41
26
100
0 72
0 6
0 47
0 5
0 32
67 52
0 9
0 67
0 97
0 24
39 99
90 99
39 52
29 99
16 99
52 99
10 99
59 99
76 99
19 99
90 63
0 84
62 99
0 20
95 99
0 44
63 99
0 29
96 99
88 99
97 99
25 99
33 99
0 71
35 99
0 43
92 99
0 36
0 78
69 99
77 99
57 99
18 99
0 74
0 75
0 77
0 59
0 12
0 25
10 31
78 99
22 99
0 95
0 73
0 53
0 70
0 91
0 88
0 48
0 86
0 35
0 89
0 17
0 18
0 8
0 93
31 99
0 81
0 7
54 99
65 7
65 79
5 99
65 63
65 49
65 61
11 99
9 99
4 99
60 99
44 99
72 99
65 28
57 71
8 99
65 53
65 89
65 54
65 88
98 99
65 4
24 99
3 6
65 93
65 80
65 22
65 48
32 99
65 58
87 99
