2
7
5
100
0 4
0 2
0 1
0 6
0 3
0 8
9 16
9 3
9 11
9 10
9 13
9 15
9 18
9 14
9 17
9 2
9 12
9 8
9 4
9 6
1 8
1 6
1 2
1 10
1 3
4 2
4 12
4 13
4 10
4 6
4 8
4 11
3 10
3 11
3 12
3 6
3 8
2 10
2 6
2 8
11 19
11 18
11 20
11 6
11 16
11 10
11 12
11 13
11 17
11 8
11 14
15 18
15 14
15 13
15 8
15 6
15 22
15 19
15 17
15 12
15 23
15 16
15 21
15 24
15 20
10 19
10 12
10 18
10 17
10 16
10 13
10 8
10 14
6 13
6 12
6 8
14 23
14 20
14 22
14 18
14 19
14 16
14 21
14 17
14 8
14 13
12 16
12 17
12 21
12 19
12 18
12 20
12 13
8 16
8 17
13 18
13 17
13 20
13 21
13 19
