5
28
24
23
25
26
100
37 41
27 29
27 30
27 31
27 32
33 37
33 34
68 66
68 69
68 82
43 54
43 44
43 59
50 46
73 78
81 83
0 11
0 1
0 16
7 3
83 84
71 84
84 87
84 85
84 88
96 99
86 90
86 89
81 84
68 70
67 78
68 75
86 91
86 94
86 93
92 95
92 98
92 88
78 84
68 76
68 67
68 79
73 70
73 71
73 76
73 67
73 83
73 81
82 67
82 66
92 97
92 87
92 85
95 99
89 98
96 91
97 99
96 93
96 94
96 89
90 98
94 98
90 88
90 97
90 85
90 95
87 93
87 91
87 89
94 95
82 77
82 65
82 69
70 67
70 80
70 74
70 79
71 74
71 65
69 80
94 97
94 85
88 93
88 89
91 98
33 35
36 41
36 40
36 38
36 31
36 39
36 42
40 43
36 29
36 30
32 35
32 37
34 39
34 40
34 41
