3
16
79
5
100
0 99
33 99
38 99
60 99
53 99
0 21
0 66
98 99
14 99
0 61
0 74
0 23
0 12
0 70
21 99
0 95
37 99
63 99
23 99
0 48
0 69
0 98
0 33
0 78
0 4
0 17
87 99
28 99
13 99
0 62
65 99
0 81
0 58
0 68
88 99
0 92
0 96
0 80
0 39
0 63
29 99
59 99
0 8
0 89
0 47
0 22
0 37
0 2
0 49
9 99
93 99
1 99
0 75
41 99
0 91
48 99
58 99
0 87
43 99
80 99
0 20
0 32
97 99
51 99
0 29
0 88
0 64
74 99
0 6
81 99
0 19
94 99
85 99
0 65
22 99
4 99
82 99
11 99
0 35
66 99
0 55
44 17
72 99
12 99
0 26
0 9
0 43
68 99
77 99
0 44
0 53
0 11
0 59
17 99
0 40
69 99
0 7
35 92
0 72
0 85
