5
35
58
54
51
83
100
0 77
0 98
0 99
0 88
0 75
80 90
0 33
0 18
0 52
0 46
0 40
0 59
0 48
0 80
0 12
21 93
0 89
0 70
0 39
15 99
0 82
0 5
3 99
0 69
0 53
0 23
79 99
0 67
93 99
18 99
60 42
33 99
0 60
0 61
0 43
20 7
0 25
0 66
31 99
34 82
0 87
52 99
0 26
0 9
0 41
0 72
12 99
0 21
0 15
32 99
0 37
49 7
8 82
0 3
0 56
0 86
47 50
0 91
0 17
0 95
0 96
16 99
82 99
0 49
0 1
68 99
50 99
60 99
0 32
0 27
0 47
0 10
0 31
0 93
0 30
28 61
65 99
28 16
28 12
28 5
28 49
28 65
28 70
28 50
43 99
67 64
34 99
49 99
28 93
28 3
28 21
28 41
28 53
28 14
28 33
28 37
87 7
28 34
36 91
28 77
