3
42
23
75
89
11 40
18 92
55 37
55 36
55 44
55 5
55 20
24 6
56 25
10 26
10 91
94 60
94 14
94 71
44 49
44 51
89 34
36 50
36 87
58 81
58 41
58 17
12 37
81 64
81 71
81 74
53 29
53 8
53 30
45 49
45 32
14 65
14 9
88 68
33 27
33 34
38 52
38 73
28 80
28 69
2 29
4 39
4 65
4 86
3 92
3 34
3 90
3 43
84 17
84 66
86 99
86 52
96 72
13 80
13 62
13 95
51 79
51 25
98 49
43 32
31 62
31 78
73 93
72 19
72 93
60 79
60 46
1 99
1 54
27 26
27 67
16 97
6 8
67 80
82 63
5 64
48 99
66 8
29 15
71 95
87 93
34 62
21 70
54 93
63 99
25 62
50 61
15 99
97 39
