4
19
42
57
65
100
0 10
0 4
0 84
0 69
0 20
0 95
0 79
67 41
0 45
0 17
0 46
0 75
0 23
0 28
0 51
0 71
4 32
0 6
0 16
0 82
34 23
18 97
0 40
0 68
0 15
47 30
47 36
47 28
47 88
47 63
47 1
47 48
47 82
47 56
47 2
47 72
47 62
47 27
47 97
47 16
47 40
69 97
47 78
47 80
47 69
47 53
47 38
47 6
47 58
32 97
2 97
23 97
59 97
47 4
47 17
87 97
47 51
47 8
47 7
73 70
24 97
73 86
73 71
73 75
73 48
73 56
73 69
73 63
40 41
9 97
14 97
73 17
92 26
38 97
73 74
73 40
73 46
73 53
24 4
73 29
73 24
73 1
73 25
73 84
73 10
73 20
64 93
64 37
64 7
64 72
64 94
64 51
64 58
64 90
64 35
64 46
64 1
45 97
30 97
64 84
