2
68
89
100
83 99
38 99
8 99
90 99
43 99
0 87
0 52
0 25
0 43
0 42
0 95
0 48
95 99
0 24
0 92
0 71
0 12
0 11
0 74
0 15
0 20
77 59
0 93
0 90
0 61
98 99
0 78
0 19
0 44
0 64
0 45
0 6
0 57
0 91
0 23
0 88
79 99
0 59
0 10
0 97
0 40
0 98
0 51
0 35
9 99
0 58
21 99
34 99
0 37
59 99
45 99
13 99
11 99
0 9
0 83
0 13
0 49
28 99
0 80
62 99
16 99
27 99
0 53
0 66
47 70
0 86
72 99
0 4
0 55
0 47
0 17
0 99
0 82
0 70
29 99
0 38
0 34
0 72
0 67
0 32
96 99
0 36
31 99
88 99
54 99
26 99
57 99
74 99
0 73
2 91
49 99
0 27
91 99
75 99
25 99
67 99
77 99
20 99
86 99
71 99
