5
42
76
68
18
52
100
49 99
16 99
0 23
77 99
79 99
98 5
66 99
0 33
80 55
0 13
71 89
62 81
58 33
14 99
92 99
0 8
0 43
5 99
35 99
44 99
0 10
0 28
0 54
0 46
0 50
7 99
0 98
81 99
9 99
31 94
3 99
0 39
6 99
0 95
49 10
0 25
0 2
73 82
94 99
96 99
0 21
0 64
82 59
0 6
70 99
23 99
0 86
34 59
0 99
95 99
82 99
53 99
93 99
81 59
98 38
51 99
0 47
0 80
0 97
0 73
0 69
59 99
46 85
64 63
38 99
0 58
85 99
12 99
28 99
0 67
4 99
0 56
63 99
0 89
0 65
0 7
0 5
87 99
0 17
0 38
0 66
31 99
0 71
0 85
26 99
45 99
0 78
0 90
0 83
32 99
0 36
0 4
0 60
64 99
0 94
0 24
0 82
0 81
0 45
0 37
