2
6
27
86
62 99
0 89
11 99
70 4
32 38
91 53
40 13
4 60
85 60
75 24
78 60
96 23
98 37
43 56
17 37
32 67
32 91
71 98
71 64
39 86
39 53
90 82
50 75
50 51
50 92
30 63
30 76
42 5
42 44
18 65
49 8
49 80
49 87
84 65
12 61
12 94
28 65
66 11
9 65
85 2
66 82
91 35
91 70
3 84
88 84
18 36
1 34
84 2
81 51
88 36
57 94
81 46
57 18
73 62
98 4
25 96
69 4
18 48
67 38
7 88
5 86
52 21
21 62
18 93
22 52
96 48
61 7
58 10
7 48
85 53
85 63
20 8
20 58
46 45
67 72
69 51
78 45
33 83
70 64
78 83
1 95
55 10
96 10
82 16
89 8
28 61
