5
6
22
48
79
27
100
0 95
0 17
61 99
0 31
14 99
78 99
0 97
0 62
0 12
0 2
39 99
0 14
0 35
66 99
0 96
0 84
0 19
0 64
0 38
12 75
81 99
0 51
80 99
16 99
75 99
36 99
20 99
82 99
72 99
0 10
0 86
25 76
0 92
0 71
0 49
0 37
0 7
0 77
0 93
76 99
0 23
0 43
73 99
98 99
0 13
17 99
7 23
12 99
38 99
0 74
0 24
0 20
28 99
16 23
0 85
10 99
0 68
70 99
0 76
49 99
23 99
0 72
0 99
7 99
65 99
0 94
0 30
0 82
0 1
0 46
60 99
0 28
0 15
0 54
0 67
57 80
74 63
25 99
0 98
96 99
34 8
89 99
63 99
0 57
0 56
0 59
0 88
0 26
33 99
30 99
0 75
45 99
35 99
97 99
0 36
0 81
0 87
0 78
2 99
0 40
