5
84
37
13
51
96
100
0 87
56 65
14 99
79 99
0 77
0 63
0 31
0 92
0 55
0 2
0 46
58 65
0 67
80 70
0 60
0 3
0 59
0 95
9 99
0 68
0 91
0 49
87 99
0 65
57 99
81 99
2 70
0 64
69 99
0 71
65 99
58 99
62 99
70 99
43 99
0 9
86 99
0 48
0 73
46 99
92 83
11 99
77 99
0 22
0 42
83 99
10 99
44 99
54 99
36 99
16 64
0 97
40 99
21 99
0 24
0 88
42 99
64 99
0 16
26 99
53 99
56 61
55 99
1 99
0 4
61 99
73 99
0 36
0 25
12 99
0 18
20 21
0 40
0 28
74 99
0 82
0 57
0 74
0 99
0 20
0 44
0 17
0 90
0 43
80 48
0 30
0 52
0 15
0 12
0 80
0 45
0 94
0 34
0 14
0 6
0 10
0 62
0 39
21 4
0 81
