5
83
67
58
26
44
100
0 69
0 39
0 24
0 8
0 42
0 23
0 7
45 61
64 15
45 40
45 62
45 64
45 29
84 4
2 4
61 12
15 78
12 4
32 34
63 34
15 28
45 17
45 39
60 34
68 78
45 46
53 34
84 28
39 76
46 76
59 76
42 9
25 63
30 63
9 63
18 60
46 8
65 8
42 22
42 25
42 72
42 30
29 35
42 62
38 29
38 65
38 56
38 61
38 39
38 19
75 69
75 48
75 55
12 18
12 69
82 8
12 21
12 40
12 37
35 8
12 14
12 57
77 80
77 65
77 22
16 8
77 2
69 11
22 66
77 73
77 29
20 29
24 11
66 11
82 11
3 11
82 59
10 59
62 59
70 59
55 59
24 53
25 53
73 53
48 53
37 14
79 14
20 52
27 50
20 30
20 36
20 41
23 2
23 69
23 39
23 61
23 30
79 32
79 2
79 36
