4
46
95
21
68
99
20 99
19 28
76 17
0 30
0 75
78 8
5 99
0 36
0 63
0 33
58 81
58 60
0 77
0 49
78 40
0 73
78 30
22 80
78 63
78 73
78 49
78 75
33 76
33 96
33 77
33 36
33 63
33 49
33 75
73 30
73 49
73 36
50 14
62 99
73 77
73 63
75 96
75 36
92 42
75 30
75 92
75 49
77 30
77 36
77 49
77 76
63 76
63 98
49 30
6 99
67 41
36 3
36 96
36 30
92 29
92 74
53 91
92 3
92 79
92 45
41 99
39 99
85 93
14 99
85 56
91 99
85 45
85 89
85 61
85 35
85 83
85 96
45 93
88 64
88 42
88 74
88 57
88 3
88 22
88 79
29 93
61 93
59 93
56 93
35 93
79 57
89 93
12 83
28 83
35 83
43 83
54 23
86 83
89 83
41 83
22 42
74 56
72 80
45 56
