5
36
57
32
41
33
100
40 91
18 91
0 70
64 91
0 80
0 19
0 17
0 34
11 91
50 91
0 88
16 91
0 63
0 20
0 37
0 73
0 40
0 49
0 89
0 65
0 56
0 46
0 91
0 4
0 72
0 9
0 47
0 31
90 91
0 11
0 90
44 83
28 91
0 2
0 13
0 35
0 27
0 85
0 42
0 22
0 79
0 71
39 91
0 50
0 62
0 54
0 81
0 44
0 86
0 23
0 67
0 69
88 91
0 84
0 48
0 28
0 87
0 5
0 76
0 38
0 53
8 70
0 45
0 8
0 43
83 91
0 12
0 75
0 26
0 21
0 55
19 91
30 91
0 39
8 91
0 60
0 61
0 3
0 59
0 83
0 18
0 68
0 66
0 77
0 24
0 25
0 15
0 51
0 52
0 14
0 78
0 1
0 74
0 82
0 10
0 29
0 7
0 16
0 6
0 64
