5
72
15
21
19
1
100
0 38
0 62
0 79
37 82
54 82
60 82
0 13
3 66
0 4
52 82
0 12
0 54
0 29
0 7
18 82
0 74
0 34
0 10
0 43
0 55
35 82
0 8
70 82
47 26
47 62
47 64
47 41
47 79
36 62
47 42
47 20
47 10
47 7
47 57
47 75
47 43
47 37
47 81
73 82
17 82
47 69
47 74
39 73
34 22
62 82
39 16
39 34
39 75
14 82
39 37
4 82
39 78
22 23
26 82
39 77
39 18
39 80
73 65
39 4
2 82
39 40
65 23
39 28
39 46
51 82
39 63
39 64
39 62
39 7
25 37
25 51
25 31
25 41
25 46
25 57
25 77
71 82
25 68
23 82
25 59
53 82
63 82
25 64
77 82
42 82
25 66
25 3
48 7
25 75
25 48
44 82
6 82
7 64
71 13
25 34
33 82
25 54
25 53
25 80
49 41
