5
64
67
86
79
89
100
0 77
53 99
5 99
0 56
26 99
0 42
0 17
0 75
31 99
0 74
44 99
0 29
0 12
47 99
55 99
0 46
0 91
0 2
0 80
0 39
0 53
0 72
0 65
0 69
45 99
76 99
0 19
0 88
9 99
0 41
83 99
77 99
52 99
0 63
1 99
0 21
84 99
73 99
12 99
0 99
10 99
0 13
90 99
14 99
0 61
20 99
33 99
15 99
13 99
0 25
0 83
36 85
91 99
0 50
0 23
72 99
0 93
11 99
0 36
0 70
66 99
25 99
19 99
0 71
82 99
63 99
0 62
0 3
37 99
0 33
28 99
32 99
17 99
8 99
0 31
27 99
69 99
0 22
4 99
74 99
58 99
0 34
57 99
0 44
0 97
30 99
18 99
38 99
68 99
34 21
0 28
72 21
37 21
54 21
0 45
87 21
0 48
0 59
0 54
46 21
