5
83
94
46
76
93
100
23 25
84 99
0 68
0 82
40 99
25 99
28 99
2 99
0 99
0 13
78 99
17 55
0 64
0 31
0 2
65 98
0 88
55 99
0 78
0 65
57 99
13 66
59 99
0 30
0 61
0 27
0 74
47 99
39 99
86 99
66 99
7 99
0 15
26 99
0 29
4 99
0 28
0 23
89 99
60 99
13 50
0 18
72 99
0 77
30 99
0 51
0 25
0 22
0 69
0 10
0 85
16 87
72 24
0 63
0 43
0 16
0 9
74 99
0 97
0 56
0 92
0 57
0 6
0 35
0 71
24 77
0 52
0 48
91 99
73 99
36 99
0 7
62 92
0 44
87 99
0 3
0 41
0 34
50 99
0 55
70 99
20 99
92 99
0 36
0 67
0 80
85 99
81 99
0 21
0 14
64 99
38 99
0 1
0 54
0 98
0 62
0 59
0 90
0 95
71 99
