0
100
0 99
0 1
97 98
41 91
4 98
41 40
41 97
42 43
38 33
38 37
25 45
25 24
26 84
90 46
48 47
56 45
76 43
74 4
26 27
3 4
26 34
76 75
78 72
80 5
70 4
5 4
9 8
11 6
89 88
87 88
80 81
84 83
84 82
80 59
80 55
80 32
81 82
80 90
13 12
11 12
23 22
23 21
10 9
75 20
18 19
69 68
69 71
69 70
16 17
16 35
15 54
14 13
14 48
53 54
10 89
71 72
56 89
71 96
30 31
97 13
29 52
29 97
29 95
18 59
17 52
17 49
96 37
24 91
94 93
66 65
61 91
67 86
67 23
67 48
58 91
31 93
51 91
3 91
64 91
51 50
60 61
49 48
64 63
31 35
33 34
31 53
59 58
86 57
33 75
87 59
87 2
87 86
73 57
73 53
1 2
2 3
75 51
75 52
1 51
53 52
