5
44
20
69
86
16
100
0 96
0 23
0 49
0 98
0 33
0 80
39 99
0 89
0 45
0 94
72 99
0 74
0 11
5 99
0 50
9 12
0 25
0 99
0 43
0 6
0 1
0 39
59 99
0 40
0 13
0 81
10 99
30 99
0 36
0 54
0 22
50 99
48 99
0 78
52 99
0 57
8 99
81 99
14 99
35 99
0 64
67 99
2 41
0 4
0 72
0 97
0 84
0 12
0 27
0 68
0 73
0 95
0 79
0 35
0 34
0 38
0 56
0 47
0 18
0 5
0 83
0 65
0 59
41 99
0 37
0 91
0 60
57 99
62 78
66 99
0 26
47 99
78 99
0 17
79 99
28 99
0 14
23 99
51 99
84 99
87 99
40 99
58 99
36 99
0 55
0 21
0 75
15 99
0 93
1 99
46 99
0 71
64 99
0 2
0 19
0 90
0 52
0 32
0 51
0 88
