5
61
24
26
52
21
100
0 16
0 1
0 28
0 7
85 97
50 97
5 77
0 10
60 97
45 76
49 97
0 14
77 97
0 3
0 20
0 5
42 91
76 97
69 97
91 97
68 97
0 19
53 97
70 97
0 42
83 97
0 44
0 22
0 31
0 17
0 12
0 43
51 97
0 27
0 46
0 34
90 97
95 97
0 13
87 97
19 55
0 47
0 2
0 11
0 35
0 39
0 4
40 94
0 41
0 40
58 97
0 30
84 97
55 97
0 15
79 97
0 18
0 8
56 97
0 37
85 41
0 25
0 33
75 97
54 97
0 29
72 97
86 97
74 97
0 6
0 48
0 38
0 23
0 36
0 32
0 9
45 78
71 97
45 56
45 82
63 97
73 97
45 86
45 71
45 58
45 54
67 97
3 66
45 73
80 97
78 97
62 97
66 97
45 67
65 97
92 97
45 59
57 97
93 97
64 97
