0
100
0 99
0 23
24 99
0 98
25 99
0 75
0 60
90 99
0 44
0 15
0 55
0 33
81 99
0 20
14 99
34 99
32 99
62 99
0 79
0 29
42 22
67 99
0 35
46 99
0 6
22 99
37 99
58 99
0 42
0 83
0 96
70 99
66 99
0 25
0 17
73 99
1 99
0 82
47 99
0 67
0 48
0 24
0 51
0 74
0 87
0 54
0 94
0 37
0 2
0 22
0 36
0 53
0 19
0 92
0 70
0 49
0 45
0 88
0 76
79 99
0 89
0 46
0 72
0 80
0 93
0 7
0 3
0 1
0 12
0 28
0 21
0 52
88 99
0 61
0 31
89 99
96 72
0 16
0 40
0 68
38 99
0 77
0 78
0 11
0 47
0 5
0 59
0 27
0 58
0 41
0 95
0 66
0 18
0 13
0 4
0 90
0 34
0 38
54 99
0 9
