5
83
19
49
82
30
100
84 39
16 95
31 95
0 53
59 95
36 95
84 95
76 95
0 92
0 66
0 10
0 95
0 4
73 95
57 92
71 95
0 12
0 57
74 95
0 36
70 44
92 95
20 95
87 42
0 55
1 95
44 95
56 95
0 90
77 95
78 95
0 11
35 95
69 54
0 87
0 45
80 8
1 93
0 13
0 50
0 24
0 93
89 95
0 74
52 95
0 78
0 34
0 75
11 54
0 22
56 23
0 6
31 8
0 65
0 56
0 5
0 51
0 71
0 33
58 27
0 47
0 73
32 95
0 89
0 80
0 67
0 76
0 31
0 58
0 21
0 60
23 95
77 69
0 2
0 77
29 47
29 88
0 91
5 95
0 23
0 29
0 52
0 41
0 32
0 26
46 95
0 39
0 64
53 51
0 9
0 85
0 18
17 95
8 95
0 46
54 95
0 88
0 1
89 93
0 15
