5
43
23
51
28
29
100
0 30
0 36
0 69
3 90
60 90
0 65
0 7
59 90
0 21
0 85
0 56
0 41
68 11
0 19
0 37
0 71
0 60
0 61
0 40
0 87
0 39
0 5
0 59
0 66
0 76
0 18
11 90
0 45
0 90
0 38
0 34
75 90
50 12
83 77
64 90
0 4
0 48
0 17
0 11
0 16
0 25
0 58
0 35
0 81
0 22
0 83
0 26
0 20
0 10
0 3
0 44
0 14
0 70
2 90
0 89
0 79
2 14
0 72
0 62
0 13
0 32
0 55
0 1
0 82
0 42
0 78
0 75
0 50
84 90
0 74
0 33
0 54
39 90
0 68
52 90
0 64
0 53
14 90
0 15
0 12
78 90
0 63
85 90
50 90
0 47
0 57
82 90
0 9
0 8
0 49
27 90
0 46
21 26
0 80
36 90
0 86
24 90
0 84
0 77
0 6
