5
12
33
59
97
53
100
15 64
82 85
82 30
46 99
23 18
23 43
23 31
37 64
67 99
70 34
19 64
36 76
50 30
32 76
30 76
51 66
75 66
92 56
70 63
70 28
92 1
49 93
91 93
92 57
24 93
22 65
81 65
43 1
7 65
7 1
18 78
73 26
73 45
73 46
34 78
16 15
16 94
29 78
16 19
77 10
28 25
21 10
28 8
32 10
74 88
91 96
74 21
54 96
80 96
95 11
40 11
6 69
77 11
68 67
9 67
62 22
68 22
6 98
6 15
17 47
17 36
49 52
17 38
24 83
24 58
34 44
63 31
63 8
71 90
71 43
9 69
9 8
89 36
89 38
58 69
39 52
58 2
38 79
19 2
27 52
35 98
90 3
95 41
39 47
39 45
32 90
29 55
29 14
7 41
94 41
75 45
75 85
5 3
27 98
5 7
2 83
56 50
56 61
95 49
37 91
