5
15
97
9
72
11
100
56 27
49 99
33 99
0 95
0 40
0 22
0 88
27 99
48 99
62 99
0 74
67 99
0 8
0 54
51 99
0 32
0 18
94 99
0 5
0 23
0 51
0 94
0 13
0 29
0 49
83 43
83 46
83 5
83 68
47 24
83 70
63 84
83 23
83 2
83 47
83 29
1 99
83 85
28 99
84 99
83 6
58 99
83 67
36 99
71 99
83 91
54 99
25 99
83 26
83 28
56 99
86 99
83 25
83 89
83 14
8 99
53 99
83 96
83 54
17 99
95 99
40 37
62 21
89 99
83 75
37 99
24 34
83 58
83 51
83 24
21 99
90 34
90 33
47 99
90 85
16 99
75 99
34 99
18 92
87 99
44 99
90 2
13 92
55 99
90 31
56 92
90 16
90 36
90 3
90 19
90 78
89 92
62 84
90 93
19 92
28 92
84 92
96 70
6 92
70 92
