5
92
22
48
60
29
100
54 38
0 95
21 8
7 38
3 38
82 38
80 67
16 83
21 37
32 79
32 65
32 19
32 36
32 50
7 70
2 88
7 84
86 88
7 2
65 88
77 43
23 3
86 58
35 76
36 58
77 8
77 35
77 40
77 54
24 80
24 69
82 41
90 58
45 58
65 91
82 1
28 91
82 64
82 86
10 57
17 91
69 16
90 36
90 46
90 41
76 17
76 20
2 34
84 16
2 75
79 16
2 41
2 4
2 26
36 3
80 98
51 8
74 98
53 98
36 56
8 98
31 61
81 61
36 12
36 37
73 75
85 81
85 46
40 4
85 69
26 4
51 4
80 4
17 4
80 59
85 11
41 74
69 39
6 74
69 81
69 20
57 28
79 28
72 9
57 9
87 68
93 9
62 9
87 47
87 1
87 26
87 78
86 11
44 9
97 3
13 3
81 79
71 80
19 47
15 57
