5
64
20
1
25
75
100
0 39
36 99
35 99
27 99
0 51
45 99
0 26
0 15
0 36
51 99
33 99
15 99
29 99
0 72
0 49
0 23
77 99
0 85
32 99
10 99
79 99
98 99
0 92
46 99
7 99
50 99
0 12
89 39
0 99
0 29
92 99
16 39
0 63
0 71
0 79
24 99
0 61
0 59
0 68
0 44
73 99
0 41
0 9
0 65
57 99
46 28
71 99
47 99
0 69
0 62
28 99
0 86
0 43
42 99
39 99
40 99
22 99
21 99
38 99
56 99
54 99
61 99
76 99
0 11
36 97
0 7
0 17
0 48
0 76
0 24
65 99
89 99
97 99
90 49
0 27
0 28
0 34
0 81
0 93
88 99
6 99
93 99
74 99
0 5
62 99
26 99
83 99
0 50
0 77
55 99
96 99
91 99
23 99
3 99
46 63
70 99
0 82
81 99
52 99
0 78
