5
86
49
2
79
21
100
80 99
29 99
5 99
64 99
0 54
0 99
34 99
11 74
0 7
0 45
0 83
0 11
3 99
0 91
67 99
17 99
0 89
0 38
9 99
10 99
0 1
0 64
14 99
0 87
0 57
0 55
13 99
0 58
0 75
72 99
41 99
0 74
32 99
60 99
0 16
56 99
0 15
0 12
0 68
0 4
0 17
0 53
0 66
0 67
0 43
0 90
0 84
0 13
0 85
0 28
58 99
15 99
0 59
0 18
0 63
0 56
0 3
76 99
0 39
78 99
0 29
62 99
0 51
65 99
46 99
30 99
98 99
11 99
0 94
68 99
95 99
96 99
8 99
82 99
1 99
42 99
35 99
74 99
31 99
97 99
0 78
44 99
12 99
66 99
69 99
91 99
88 99
57 99
0 76
75 99
92 99
85 99
45 99
7 99
94 99
87 99
61 99
47 99
33 99
81 99
