4
1
4
2
6
100
3 8
7 10
7 9
7 12
11 16
11 15
11 13
11 14
11 5
8 9
8 12
10 16
10 14
10 15
10 13
5 9
12 16
12 15
12 13
14 17
14 19
14 18
14 20
9 16
9 15
13 17
13 19
13 18
20 23
20 22
20 24
20 21
20 16
15 17
15 19
18 23
18 21
18 22
18 24
16 17
19 24
19 22
19 23
21 28
21 27
21 26
21 25
17 22
17 23
24 28
24 27
24 25
26 32
26 31
26 30
26 29
26 23
22 27
22 25
28 30
28 29
28 31
28 32
23 27
25 30
25 31
25 29
32 33
32 36
32 34
32 35
27 31
27 30
29 36
29 35
29 33
34 39
34 38
34 40
34 37
34 30
31 36
31 33
35 38
35 39
35 37
35 40
30 36
33 39
33 38
33 40
37 41
37 43
37 42
37 44
36 38
36 39
40 42
40 41
40 44
