5
36
81
49
62
56
100
0 1
0 11
0 60
0 15
57 54
0 68
57 78
57 6
78 42
47 95
0 63
68 78
0 57
0 4
0 91
83 95
24 95
42 95
0 45
39 95
0 47
14 95
23 95
45 95
18 64
32 95
0 6
0 48
64 95
0 58
0 75
0 93
0 40
90 95
0 30
0 80
31 41
31 94
54 95
6 95
31 21
31 85
31 66
65 11
31 63
65 9
31 42
20 95
31 16
38 95
3 95
16 95
40 95
33 95
41 95
22 63
18 63
31 8
31 65
31 13
31 1
20 38
31 14
16 63
88 63
55 38
46 63
32 4
31 73
31 20
31 25
31 50
31 53
94 63
31 78
31 48
4 63
38 63
31 77
12 13
82 63
37 63
23 63
3 63
35 63
12 60
12 14
26 63
6 63
42 63
27 63
12 67
85 63
53 63
12 78
12 70
12 59
12 1
12 66
12 28
