5
30
44
2
26
47
100
0 63
0 67
0 56
46 68
46 96
46 29
5 99
46 17
94 99
46 98
38 33
13 99
46 6
65 99
40 31
46 67
46 87
46 28
23 28
23 32
31 20
7 78
23 99
23 5
20 99
33 99
78 99
39 99
80 1
23 93
23 97
23 49
23 66
23 90
23 12
23 85
14 8
23 89
4 42
4 54
4 50
4 66
4 17
11 34
79 1
11 13
11 76
11 52
11 40
92 64
92 53
37 1
8 1
92 83
92 18
92 20
92 34
92 90
51 1
92 15
71 1
92 87
97 52
97 87
97 24
97 37
53 1
97 14
22 39
22 24
66 1
38 29
22 67
22 25
48 1
29 1
22 45
22 13
94 54
22 77
43 54
22 79
74 54
14 54
22 81
33 54
83 54
22 78
55 54
22 65
22 59
84 56
22 28
90 56
22 96
76 84
66 57
32 56
76 10
57 56
