5
98
52
24
19
53
100
0 23
83 99
0 57
36 99
50 99
75 99
0 69
0 11
0 3
0 40
0 59
0 27
0 95
76 99
73 44
0 7
0 72
73 29
0 41
0 37
0 73
0 71
0 79
0 82
13 70
0 76
0 67
0 38
21 99
0 87
20 99
63 99
0 94
0 18
0 36
0 33
0 97
70 99
0 88
0 15
0 32
82 99
31 87
89 99
51 99
0 61
0 62
29 99
87 99
0 31
0 21
0 66
0 78
0 64
0 56
0 81
0 48
80 99
0 51
0 44
0 93
0 50
0 96
0 80
0 26
8 99
0 30
0 85
0 74
7 99
88 99
0 91
0 20
0 68
0 89
0 47
0 99
34 42
0 77
0 10
22 99
0 34
0 2
0 65
0 75
69 99
0 6
0 84
0 83
0 60
5 99
42 99
85 99
18 99
0 8
61 99
0 29
0 1
0 13
63 66
