5
90
1
14
33
19
100
0 17
0 60
0 41
89 95
0 82
0 94
66 95
0 10
34 62
0 6
7 95
0 45
37 95
68 95
62 95
0 66
0 36
45 95
0 64
0 11
0 95
0 78
0 34
61 95
0 51
65 95
0 24
35 95
0 75
64 95
0 89
0 53
29 95
75 95
0 74
17 95
0 49
94 95
0 58
0 88
67 95
0 18
0 21
0 46
38 95
34 95
0 27
41 95
2 95
56 95
0 92
0 59
0 4
52 95
0 71
0 37
48 95
79 95
85 95
0 91
60 95
0 7
0 81
47 95
0 16
0 20
0 50
0 73
15 95
93 95
12 95
0 87
91 95
22 95
20 95
0 35
10 95
0 22
0 47
0 68
0 29
0 38
0 72
0 85
46 95
11 95
21 95
53 95
0 69
0 48
0 30
72 95
28 95
0 86
0 42
92 95
9 95
0 43
0 13
0 5
