4
95
61
49
16
100
0 7
81 99
0 32
0 70
0 84
20 47
0 55
0 76
91 83
47 99
0 77
0 67
0 87
78 62
0 29
0 75
0 21
0 31
0 52
0 22
0 19
0 58
0 54
0 46
0 1
0 86
0 74
0 42
82 99
0 18
0 20
0 71
0 88
83 99
0 10
0 91
12 99
69 99
0 45
0 44
0 97
0 72
62 99
88 99
10 99
0 83
0 8
0 40
0 62
0 37
25 99
86 99
45 99
60 99
0 51
0 99
11 99
0 68
0 65
48 99
17 99
13 99
29 99
75 99
77 99
97 99
24 99
44 99
58 99
15 99
57 99
41 99
18 99
21 99
26 99
0 3
0 30
5 99
27 98
74 46
3 99
98 99
40 99
46 99
0 34
0 89
0 12
0 23
0 13
0 63
0 36
19 99
0 2
65 99
60 19
0 79
0 35
64 99
63 99
27 99
