5
29
30
45
27
31
100
0 32
10 52
0 3
13 59
12 59
52 47
5 59
56 9
55 9
46 9
34 10
34 20
34 43
41 21
14 21
34 32
34 11
56 21
40 21
20 43
44 43
24 43
37 28
57 43
15 7
57 28
19 41
52 41
34 3
34 36
34 48
17 56
18 48
18 10
16 35
51 56
3 56
52 56
53 56
58 56
14 10
3 46
2 46
6 26
4 26
19 26
40 26
13 26
50 2
8 2
14 57
37 44
51 32
37 19
40 32
37 6
37 49
12 32
17 32
15 11
3 32
15 12
51 36
25 48
38 22
38 6
33 11
36 32
4 32
20 13
20 35
53 32
20 50
20 8
17 19
55 12
55 25
44 40
5 40
52 12
42 58
44 58
52 22
53 58
52 25
3 19
14 36
6 19
14 42
14 11
3 8
3 11
6 25
1 13
53 12
53 49
44 12
24 12
36 49
25 5
