5
95
7
1
78
69
100
48 99
0 89
0 19
0 18
0 31
72 99
0 94
0 23
0 58
0 60
0 40
0 11
0 67
0 55
0 17
0 38
11 99
40 99
0 27
0 45
0 92
91 99
35 99
0 52
12 99
0 82
24 99
0 4
0 15
0 74
0 54
0 57
0 36
93 99
96 99
33 99
0 13
73 99
0 26
0 86
79 52
0 91
27 99
66 99
85 99
52 99
77 99
30 99
0 22
90 99
0 37
0 43
0 6
0 71
0 50
36 99
0 32
0 75
29 99
0 76
79 99
41 99
0 48
60 99
67 99
2 99
6 99
0 66
0 96
0 51
0 39
0 83
0 46
0 5
0 63
0 81
0 64
0 42
0 62
0 97
0 10
57 99
92 99
0 2
0 85
0 65
0 88
0 34
90 59
0 84
0 59
0 90
94 99
22 99
0 80
0 47
0 24
43 99
49 37
13 99
