5
45
40
44
49
28
100
0 89
0 74
0 94
0 39
0 86
67 76
46 99
4 23
15 99
17 99
67 99
80 99
4 77
4 67
22 60
62 60
4 35
4 32
4 86
4 61
4 81
37 83
37 50
37 16
37 21
94 87
94 72
94 79
52 60
94 82
94 5
94 11
94 26
94 3
10 60
88 60
86 60
79 60
25 60
66 60
38 60
97 60
30 60
82 60
93 80
93 67
87 60
51 85
30 85
39 85
81 85
5 85
93 48
93 83
66 85
93 82
31 85
50 36
75 36
81 36
93 36
70 36
46 36
30 36
52 36
78 74
25 38
93 9
93 53
93 13
93 27
93 77
51 38
87 74
78 21
2 38
58 38
78 29
74 38
76 48
17 38
89 38
48 38
84 38
30 56
61 56
32 66
86 56
66 56
14 56
26 24
90 15
95 56
74 56
71 56
8 56
42 1
3 1
79 1
6 1
