5
60
17
28
10
4
100
0 20
5 71
64 13
0 47
26 71
13 71
0 40
68 71
0 15
0 1
64 71
29 71
47 71
45 71
55 71
67 71
0 66
46 71
0 49
0 68
2 71
58 71
42 71
48 71
54 71
44 71
7 71
0 16
19 71
70 71
0 14
0 30
51 71
34 71
30 71
0 65
49 71
0 67
0 50
0 53
0 46
24 71
9 71
0 23
0 26
57 71
32 71
7 46
14 71
40 71
8 71
56 71
18 71
23 71
2 43
3 71
19 50
43 71
7 39
19 42
0 2
0 9
0 31
20 12
41 71
0 33
0 25
35 71
0 36
2 54
0 19
0 62
0 22
0 32
0 7
68 42
0 8
6 71
0 64
0 24
0 63
0 58
27 71
0 13
0 11
0 44
0 27
0 5
0 55
0 59
0 57
0 39
0 37
0 52
0 61
50 71
58 15
43 57
43 66
33 71
