5
51
38
28
36
20
100
50 53
14 49
0 17
0 2
0 22
7 49
0 40
41 49
9 49
0 44
18 16
0 14
22 49
0 26
0 37
16 49
0 7
0 11
0 30
0 34
0 10
0 8
0 27
42 49
33 49
6 49
0 49
8 49
0 29
2 49
17 27
0 31
0 19
27 49
0 48
31 49
0 21
18 11
0 16
40 49
19 4
0 32
0 12
0 6
0 13
4 49
0 18
0 35
1 49
0 5
11 49
0 33
0 42
0 43
0 41
0 9
25 49
39 49
0 1
0 24
0 39
13 49
18 49
47 49
44 49
15 49
0 4
10 49
19 49
34 49
48 49
43 49
12 49
0 25
26 49
0 46
0 23
0 47
0 45
3 49
0 15
3 17
3 31
5 39
40 9
3 23
24 49
17 49
3 7
3 40
3 5
3 42
3 35
3 41
3 27
3 47
3 24
3 30
3 25
3 6
