5
21
87
76
62
22
100
0 80
0 52
83 99
55 99
0 74
0 45
18 99
92 99
0 36
0 72
35 99
78 99
0 60
91 99
0 20
0 85
51 99
0 49
67 99
2 99
52 99
73 82
0 81
27 88
3 99
0 84
0 27
0 64
82 99
50 99
54 99
38 99
0 99
65 99
0 18
57 99
0 94
71 99
0 19
0 97
88 99
0 2
31 99
0 86
0 40
49 99
34 99
0 43
72 99
0 54
0 31
0 56
19 99
0 30
0 46
0 8
0 51
0 35
41 25
0 59
0 83
0 5
0 33
0 88
0 82
0 93
95 99
0 3
25 99
0 90
61 99
0 63
41 99
0 1
0 13
0 14
0 25
0 48
0 12
0 91
0 95
0 34
37 99
0 66
88 81
41 14
40 99
86 81
32 99
81 99
0 29
41 60
0 28
0 78
14 99
0 44
0 41
0 57
16 99
0 10
