5
50
13
89
12
11
100
0 79
55 98
0 84
0 27
0 1
0 87
0 73
0 19
0 82
0 97
0 40
0 90
0 15
0 16
35 98
0 38
0 48
0 96
0 92
0 29
20 5
8 98
0 21
0 30
0 28
70 98
0 33
0 52
71 98
0 20
0 57
0 35
0 94
0 9
0 44
0 74
0 3
0 56
0 5
68 98
30 98
0 59
58 98
0 68
37 98
5 98
0 76
82 98
0 62
88 98
0 14
0 6
42 98
0 67
0 75
0 42
0 53
0 8
10 98
0 2
33 98
0 98
79 98
0 86
26 98
0 63
86 98
6 98
54 98
96 43
34 98
76 98
43 98
60 98
41 98
48 98
0 32
95 98
0 46
95 73
0 37
61 98
0 81
20 98
0 80
0 24
0 51
0 60
0 70
0 54
0 39
0 47
0 95
0 69
0 72
0 93
0 78
0 88
14 98
0 77
