5
56
58
3
13
33
100
0 21
0 49
0 26
0 40
0 2
0 50
0 34
0 44
44 59
8 59
49 59
0 6
0 32
0 16
0 28
0 47
36 4
5 59
0 59
0 29
0 37
0 22
32 52
0 14
0 36
4 59
9 59
0 27
41 59
0 54
46 40
0 5
0 45
26 59
0 38
52 59
0 31
0 15
0 51
0 48
0 30
0 46
0 12
0 4
0 17
0 18
37 59
28 59
0 9
0 43
0 7
0 8
0 39
0 23
11 57
0 41
0 55
40 59
16 59
48 57
48 59
57 59
55 59
6 59
41 45
8 30
45 59
0 35
0 24
0 19
0 42
0 20
52 26
52 44
7 59
52 25
52 43
42 59
52 34
30 59
2 59
10 59
55 34
39 59
52 46
52 6
23 59
11 59
46 15
36 59
34 59
52 38
52 24
52 23
15 59
29 59
52 42
52 55
52 8
43 59
