5
51
22
42
9
57
100
0 75
0 13
62 96
11 96
0 46
0 87
95 96
0 70
28 96
4 96
40 96
0 92
0 82
10 96
0 61
0 14
0 39
0 19
89 96
15 96
56 96
65 96
55 96
0 28
0 74
0 96
0 63
0 1
0 10
20 96
0 76
0 12
27 96
49 96
0 62
0 41
74 96
64 96
30 96
0 2
0 40
67 96
0 77
0 21
0 68
0 65
0 36
0 53
0 18
0 54
66 96
0 91
83 96
0 31
0 50
0 84
0 60
33 96
0 4
0 64
72 96
78 96
26 96
60 96
18 84
14 96
12 96
0 45
0 20
0 83
84 96
80 96
91 96
0 37
0 58
5 96
0 44
69 96
0 72
0 5
0 78
17 96
81 96
53 96
0 8
0 23
24 61
0 38
18 96
75 96
0 80
0 24
0 29
0 35
0 81
0 66
0 32
90 47
34 96
0 6
