5
55
22
95
34
71
100
90 99
7 99
84 99
0 59
9 99
0 62
0 35
0 51
0 16
0 5
0 43
0 87
0 45
0 60
0 74
0 31
0 30
0 76
0 57
0 26
0 36
0 77
15 99
0 23
0 72
0 10
0 54
0 65
20 99
0 39
0 79
0 52
0 93
0 84
0 21
0 47
0 82
0 81
0 68
0 19
0 44
0 53
0 24
0 12
0 90
0 88
0 17
0 56
0 83
0 80
0 63
0 96
40 99
0 61
0 33
0 32
0 48
0 86
0 94
0 2
0 20
0 91
0 70
0 97
0 11
0 73
0 42
87 99
0 49
8 99
0 66
0 37
0 6
0 89
0 38
0 1
0 98
0 7
0 78
0 15
0 50
58 76
58 66
58 67
58 17
58 64
58 75
58 20
58 47
58 33
58 13
58 83
58 30
58 45
58 35
58 31
58 59
58 39
58 12
58 53
