4
16
11
95
71
100
0 58
0 32
0 44
0 27
0 99
91 99
25 99
23 99
0 43
0 70
38 99
0 8
0 40
0 33
0 37
0 46
74 99
73 99
62 99
70 99
0 87
2 99
96 99
0 59
36 99
35 99
0 94
0 79
0 85
97 99
76 99
0 14
0 6
0 92
0 22
0 13
89 99
0 77
0 2
0 72
0 80
31 50
0 68
17 99
0 98
51 99
0 31
0 7
0 82
87 99
0 75
0 96
57 99
46 99
61 99
0 26
0 69
0 39
0 34
44 99
76 68
0 1
48 99
0 30
97 19
3 99
0 35
79 99
98 99
59 99
68 99
6 99
80 99
27 99
54 99
0 86
66 99
0 4
0 38
30 99
75 99
14 99
72 99
65 99
77 99
0 52
41 99
88 99
85 99
0 60
78 99
26 99
82 99
10 99
49 99
0 81
7 99
40 99
55 99
93 99
