5
18
9
65
21
53
100
62 99
28 32
38 20
19 99
39 99
73 13
33 99
20 99
61 35
90 35
49 35
19 35
30 35
24 91
38 60
98 91
38 71
58 91
38 41
63 90
63 6
63 40
63 95
60 76
63 64
34 57
92 91
13 62
22 96
57 91
32 91
76 79
22 71
22 40
22 44
6 91
62 91
22 73
22 85
68 75
68 87
68 54
95 88
93 87
27 79
95 30
95 55
95 93
66 70
66 8
66 88
37 77
89 79
25 79
77 79
60 31
34 56
15 49
29 59
5 49
45 49
60 85
60 17
72 49
31 49
60 39
61 88
71 41
60 64
52 71
52 42
52 12
52 76
52 39
47 88
82 88
44 88
87 88
69 88
48 88
98 11
98 67
98 40
98 39
5 73
56 45
41 73
33 73
50 69
3 76
3 62
42 30
3 72
3 96
44 87
23 87
3 64
45 87
3 6
33 92
