5
21
60
10
23
69
100
2 99
18 99
0 84
0 22
0 13
0 26
0 76
34 99
43 99
0 79
36 99
0 44
0 74
0 1
0 91
0 25
0 71
0 43
0 78
0 48
20 99
0 34
87 99
0 99
92 99
0 96
0 72
0 55
12 99
0 53
0 52
0 98
0 2
0 18
25 99
0 11
29 99
67 99
0 7
46 59
5 99
4 99
0 30
91 99
51 99
83 99
84 99
28 99
0 17
95 99
93 99
48 99
85 99
13 99
7 99
22 99
17 99
6 99
0 35
59 99
50 99
52 99
56 99
15 99
0 87
35 99
0 14
68 99
31 99
0 33
94 99
0 46
66 99
90 99
63 99
0 61
0 19
0 68
0 50
0 70
44 99
0 80
0 95
0 20
11 99
89 99
96 99
77 99
9 99
0 64
76 99
81 99
97 99
53 99
82 99
0 62
26 99
64 99
0 73
61 99
