5
26
78
27
46
57
100
0 13
36 95
0 29
0 81
0 91
0 33
0 21
0 67
0 49
0 40
0 76
0 15
72 17
0 53
44 95
23 95
0 5
17 95
0 31
0 45
0 87
0 95
0 68
0 47
0 8
0 69
49 95
28 95
0 24
0 41
0 22
0 73
0 42
0 56
0 59
0 25
60 66
84 95
86 95
66 95
45 95
0 19
0 39
5 95
0 4
0 63
0 16
25 9
10 95
0 58
62 95
0 65
80 95
10 90
0 14
22 95
9 95
0 34
61 19
0 72
59 95
0 10
0 48
68 95
19 95
89 95
64 95
0 12
79 95
60 95
0 52
6 95
18 95
4 95
63 95
0 84
0 3
0 82
0 32
0 54
67 95
0 38
77 95
0 85
0 23
0 43
0 66
0 88
0 44
75 95
34 95
47 95
65 95
15 95
0 20
0 36
76 95
0 6
69 95
0 61
