5
54
49
26
8
46
85
10 39
10 38
10 79
30 43
30 63
87 83
87 63
94 23
87 90
94 44
40 98
35 82
11 98
74 52
58 98
65 76
1 86
44 86
45 86
70 96
11 28
65 3
65 73
74 28
37 6
47 28
95 80
35 42
34 6
2 6
43 11
5 3
95 3
35 21
47 69
85 64
35 37
35 59
13 64
19 53
19 37
19 76
62 74
62 25
44 36
44 45
61 73
40 69
1 47
1 57
78 7
78 61
5 69
53 91
85 25
58 29
21 4
85 22
21 40
79 12
79 22
66 34
81 76
39 88
23 88
47 67
76 71
77 82
77 13
59 82
93 82
58 57
53 88
70 40
56 95
32 27
41 12
5 73
74 71
57 20
57 93
43 27
48 74
2 77
2 7
