0
100
0 99
68 99
0 85
2 99
0 52
60 99
29 99
74 99
19 99
0 22
59 99
41 99
0 31
49 99
69 99
0 9
0 7
0 76
77 99
0 69
0 10
90 99
0 94
0 93
0 91
31 99
62 99
0 41
0 28
73 99
0 60
0 48
22 99
57 99
91 99
37 99
0 50
39 99
0 18
0 36
66 99
0 86
0 11
12 99
0 55
0 70
0 98
72 99
54 99
0 84
52 99
20 99
0 46
16 99
0 53
0 77
6 99
0 4
0 87
34 99
94 99
76 99
88 99
0 1
0 33
0 32
0 96
0 23
0 20
56 99
0 97
0 34
0 6
0 2
0 8
0 74
0 65
0 3
0 61
0 81
0 13
98 99
0 14
21 38
93 99
86 99
0 79
55 99
70 99
0 35
11 99
38 99
42 99
61 99
23 99
40 99
45 99
7 99
85 99
44 99
