2
39
26
83
45 42
45 59
58 41
49 43
72 60
72 76
60 79
72 61
66 79
72 78
24 34
24 37
24 22
24 21
30 23
31 32
21 25
33 25
33 36
32 22
32 20
23 22
23 27
23 20
34 20
49 52
49 44
49 56
49 48
50 56
48 40
48 46
48 57
44 46
54 42
52 43
40 46
40 54
40 43
51 42
75 79
72 66
72 62
63 79
61 79
72 65
72 67
75 61
65 64
65 71
65 63
64 79
77 66
77 69
77 62
76 79
77 60
78 79
71 79
77 64
71 69
66 69
73 70
63 76
74 69
73 78
77 63
71 66
71 74
64 69
60 61
60 78
74 67
61 67
74 70
60 64
62 70
76 70
66 70
62 74
62 64
76 64
62 78
