5
35
72
26
79
54
100
83 11
70 99
53 99
55 13
66 13
5 40
1 33
73 33
5 19
62 37
5 11
5 81
39 33
69 33
46 33
92 37
95 17
12 17
4 27
92 39
19 39
12 36
90 82
28 82
12 82
4 89
4 81
4 78
4 64
86 82
27 82
58 62
42 62
43 12
43 77
43 75
87 62
45 58
85 62
70 62
45 20
45 92
38 62
48 68
1 65
41 65
48 58
48 96
48 32
48 40
48 27
84 93
30 77
22 77
47 77
84 44
56 32
41 32
25 18
30 29
55 29
80 46
84 20
66 46
61 46
60 8
84 42
38 94
34 81
38 49
20 81
6 74
53 41
15 95
88 95
90 11
53 7
53 68
53 70
40 11
86 11
42 87
42 89
42 88
42 9
42 90
3 40
85 87
85 49
44 52
44 78
44 92
23 41
2 34
2 87
2 41
96 68
96 28
91 49
94 61
