4
32
61
87
15
100
45 98
40 98
0 78
0 22
67 98
0 36
91 98
0 21
0 26
0 23
0 16
0 70
0 35
0 90
0 5
0 79
0 64
0 40
0 46
0 27
0 48
0 45
37 98
82 38
92 98
8 98
0 68
38 98
0 82
43 98
0 56
68 98
53 98
0 29
0 37
96 98
5 98
72 98
24 98
0 94
0 69
0 84
0 11
0 62
0 98
1 98
25 98
59 98
57 98
0 49
0 81
93 98
7 98
74 98
82 98
0 13
0 14
69 98
0 58
0 83
96 28
0 60
0 41
78 98
0 97
0 71
28 98
12 49
41 98
12 98
0 31
55 98
80 98
0 66
52 98
0 93
49 98
3 98
0 42
48 98
0 51
0 86
0 18
34 98
46 98
0 38
89 98
0 12
0 1
0 43
0 73
0 52
0 44
76 98
0 59
18 98
30 98
0 3
0 65
0 6
