5
65
11
4
34
20
100
0 13
28 79
24 79
0 35
0 51
47 79
14 79
0 17
0 64
0 15
0 60
54 79
13 79
0 37
0 72
0 27
0 9
41 79
0 69
7 79
78 79
8 79
0 44
66 79
30 79
0 14
27 79
33 79
63 79
62 79
51 79
37 79
0 26
71 79
0 43
0 36
10 78
0 1
37 52
64 52
0 73
0 10
0 38
0 53
46 52
78 52
59 52
66 30
66 37
66 63
66 2
66 24
12 21
66 17
66 42
16 52
47 52
66 12
66 64
60 52
26 52
41 52
13 52
25 52
66 43
29 52
66 23
66 15
66 72
3 52
73 52
23 52
21 1
66 9
66 21
66 78
66 36
66 45
72 1
74 39
42 1
5 1
74 29
56 1
74 57
74 78
74 12
74 27
74 64
74 47
74 51
70 53
13 1
74 61
74 9
36 1
74 38
18 1
74 62
30 1
