5
51
84
37
65
42
83
78 75
79 99
78 7
26 86
26 70
60 66
60 64
22 99
72 95
77 95
79 35
3 85
29 82
8 82
47 93
20 93
63 48
18 6
89 6
63 68
7 31
21 59
3 59
73 61
86 61
29 44
72 49
5 12
17 52
5 43
76 31
96 49
52 98
48 44
87 41
92 41
33 8
89 17
14 19
14 53
62 39
81 56
55 27
32 77
32 36
74 56
94 27
83 23
25 68
43 11
83 73
28 2
54 55
87 70
97 40
58 46
90 43
80 71
12 71
9 10
69 10
75 80
1 58
36 19
30 48
9 75
22 24
13 94
13 2
34 38
50 79
91 30
34 86
91 76
57 4
50 92
81 34
57 69
25 20
96 15
18 15
67 47
67 33
