5
10
30
92
83
25
100
0 49
0 94
0 73
0 59
0 89
45 96
0 36
0 43
0 5
0 55
0 42
0 41
74 61
0 6
57 62
0 16
0 38
0 8
0 24
0 62
0 18
81 96
0 85
62 96
77 96
0 91
61 96
0 74
59 96
29 76
0 96
0 57
0 66
40 96
0 70
0 71
0 29
76 96
0 47
0 39
72 96
53 96
0 45
0 4
0 52
0 86
0 90
0 79
67 96
78 96
0 80
0 76
69 96
0 68
55 54
31 96
0 21
3 96
0 82
14 89
54 96
0 35
0 87
0 26
0 50
0 78
0 37
0 1
0 77
0 53
0 63
71 96
0 44
0 75
0 46
0 27
34 96
0 95
0 58
21 96
0 12
47 96
89 96
2 50
0 72
0 22
0 69
0 34
14 87
0 2
0 48
0 14
0 51
0 7
0 56
0 17
0 84
0 61
0 33
0 23
