5
52
73
74
54
22
100
61 71
77 99
0 50
21 99
0 9
0 93
0 96
71 99
17 99
55 99
91 99
0 68
39 99
43 34
5 34
43 99
0 81
0 53
0 76
59 99
0 41
0 59
0 99
87 99
0 27
77 98
0 49
98 99
76 99
0 87
0 85
48 34
34 99
23 99
0 89
0 98
0 39
0 6
65 99
0 23
16 99
0 2
69 99
0 79
0 3
11 99
0 37
0 61
0 95
78 99
0 83
0 82
0 24
0 11
0 20
70 99
0 35
0 88
0 69
0 84
0 16
62 99
14 90
0 1
0 57
0 45
0 47
0 10
0 91
0 60
71 7
71 77
12 99
71 62
2 99
71 31
71 95
71 92
44 99
71 11
71 94
71 70
71 90
80 25
71 19
71 2
71 17
71 10
40 97
71 60
71 20
50 61
61 99
68 99
25 99
71 16
71 41
71 12
71 59
71 24
