2
94
15
89
0 3
50 99
0 98
86 99
0 91
38 99
29 20
53 25
38 79
25 99
29 97
42 96
49 47
31 71
29 69
93 11
26 4
26 30
66 7
66 83
66 77
21 27
21 17
83 93
83 18
16 8
20 73
50 76
43 6
42 63
42 58
35 8
68 11
75 11
87 8
37 63
56 70
33 63
42 19
53 90
42 17
34 23
30 61
34 35
53 92
53 60
3 37
5 3
3 18
46 58
84 98
46 38
84 30
84 44
84 75
9 87
9 36
9 38
65 74
65 37
65 48
45 86
78 98
19 98
1 23
45 75
45 76
10 89
1 72
7 4
22 59
62 27
81 10
81 62
67 19
62 23
28 73
51 95
54 48
88 23
97 28
87 72
78 68
93 39
14 28
40 28
88 82
56 37
82 37
