5
61
47
22
37
28
100
87 99
8 99
0 78
0 79
0 44
0 49
0 90
0 39
71 99
0 12
0 50
0 99
0 63
0 81
0 71
57 99
0 59
48 99
0 87
9 99
0 42
0 86
3 99
0 55
6 99
0 66
89 99
0 17
0 3
0 23
0 38
0 73
0 82
0 41
0 96
0 95
64 66
1 99
0 76
26 99
0 32
0 64
0 52
0 8
16 99
40 88
98 66
75 99
0 1
0 27
0 36
0 77
88 99
0 92
0 51
0 91
0 80
70 57
40 99
66 99
70 45
70 27
70 88
97 99
14 99
73 99
70 54
70 86
70 87
70 6
64 99
30 99
92 99
82 99
38 99
69 43
70 60
54 99
70 14
70 21
70 71
70 17
68 99
43 99
24 99
17 99
34 99
13 99
29 99
62 99
70 44
70 38
70 68
70 63
35 99
70 43
70 53
56 99
70 12
70 35
