5
6
94
27
39
14
100
0 36
77 96
0 55
0 28
53 96
89 96
0 90
0 95
0 76
57 96
0 67
0 85
0 82
58 96
0 38
0 62
0 35
0 91
40 33
20 96
43 96
24 96
70 29
0 73
0 48
0 53
0 74
29 96
0 30
0 88
0 15
0 81
0 18
33 96
1 96
0 42
95 96
37 96
12 96
0 41
8 79
81 96
0 45
0 44
0 49
0 8
75 96
0 12
64 96
34 96
0 87
0 50
69 96
7 70
0 77
0 63
0 33
0 61
70 96
15 96
0 86
0 68
0 26
0 22
0 7
74 96
0 23
92 96
0 64
71 47
30 96
86 96
0 83
51 96
0 96
0 16
0 17
0 89
0 71
0 72
0 54
0 20
0 1
36 96
0 56
0 43
0 5
46 96
0 24
0 58
0 4
47 96
0 37
0 75
0 46
0 13
0 25
0 51
0 92
0 32
