5
32
64
67
21
28
100
15 79
0 76
0 1
0 54
0 14
0 40
0 15
0 61
0 16
0 59
0 17
70 13
70 34
70 54
70 73
58 79
70 22
70 27
70 3
58 39
70 37
70 52
70 58
70 23
70 24
53 50
53 31
53 27
53 73
48 79
53 24
53 71
53 39
53 43
53 47
53 63
13 79
5 79
8 79
53 36
53 68
52 58
52 50
44 79
2 79
39 10
10 79
60 59
19 59
40 59
25 59
72 59
52 15
8 59
74 59
52 68
52 57
52 56
52 37
55 65
55 26
55 61
76 77
55 43
20 59
55 5
48 50
2 59
37 44
55 35
42 59
29 59
11 50
55 74
55 37
55 15
55 19
12 50
66 18
74 50
54 50
66 23
56 50
1 50
8 50
34 50
76 50
66 33
56 5
66 35
66 9
66 58
38 75
2 5
7 5
66 57
47 5
75 5
66 74
66 44
