5
40
95
2
49
16
100
93 35
87 35
97 73
0 48
68 73
51 62
0 4
0 14
0 85
0 32
3 4
3 47
72 78
62 73
55 48
68 48
72 67
1 10
72 6
72 13
17 94
92 22
17 68
81 12
81 83
81 79
81 98
81 85
39 28
39 75
77 80
13 58
6 90
6 11
44 24
44 13
44 37
27 80
44 20
67 22
96 57
96 38
27 43
60 22
65 22
61 34
14 53
61 66
61 21
89 62
12 88
53 62
9 62
10 30
12 79
12 56
43 30
20 30
42 60
42 78
42 58
42 4
13 30
58 71
13 11
53 11
90 58
90 14
90 64
90 76
38 23
10 36
38 80
38 34
7 9
57 45
79 66
79 10
85 54
85 83
37 24
21 14
64 75
92 36
64 43
64 65
64 13
64 15
84 36
60 36
92 88
92 26
25 51
25 54
25 91
25 8
32 36
25 98
28 83
75 43
