2
21
22
96
17 78
92 97
52 99
50 99
0 76
0 92
0 4
73 99
86 78
49 63
18 25
96 38
0 46
38 6
10 58
0 30
67 15
30 71
86 58
30 64
87 58
7 88
7 32
46 10
46 17
42 55
42 81
17 24
39 77
52 77
96 1
17 76
17 18
5 77
93 24
17 81
32 24
17 38
15 33
39 60
39 47
26 57
32 64
32 13
86 75
23 75
94 75
69 75
56 91
56 10
56 62
76 11
90 28
87 80
61 90
40 28
61 66
61 69
55 28
68 52
15 95
15 40
62 73
49 72
98 86
20 83
20 62
11 8
3 62
3 49
60 89
94 16
93 45
23 11
9 97
90 88
55 50
55 95
37 8
45 8
88 96
44 40
95 40
90 54
50 84
34 52
18 79
16 35
16 98
31 52
19 12
98 12
98 45
88 97
12 97
31 11
