5
89
81
93
38
46
100
0 66
15 99
0 17
44 99
30 8
30 2
26 99
30 15
30 7
26 51
35 99
47 83
47 57
97 99
96 99
80 99
90 73
60 73
33 50
72 62
13 54
24 50
53 62
78 62
72 67
18 28
12 83
96 62
70 62
21 28
71 74
20 27
95 78
80 78
10 66
56 15
39 65
58 91
37 91
82 52
23 52
18 52
68 53
37 35
31 22
72 4
90 39
3 71
34 4
19 4
57 77
37 24
72 11
23 21
5 41
64 57
82 51
75 51
67 51
94 51
11 51
63 40
69 43
36 98
97 23
63 12
72 9
90 20
44 20
79 12
11 84
43 75
85 13
82 88
64 13
88 19
60 23
60 18
19 75
88 29
9 29
13 75
34 56
36 42
72 33
69 68
69 31
58 7
68 85
90 85
88 85
61 42
49 34
49 33
16 60
11 14
11 64
5 88
9 7
98 61
