4
16
71
21
23
100
0 17
36 99
85 99
0 82
11 99
1 99
25 99
50 99
93 99
75 99
0 39
54 99
64 99
9 99
18 99
0 65
31 99
13 99
77 99
24 99
0 14
41 99
62 99
0 27
59 99
45 9
0 92
0 94
0 57
0 47
0 36
27 99
14 99
4 99
0 91
0 81
0 80
0 96
69 99
0 58
55 99
0 29
19 99
92 99
45 99
3 99
72 99
87 99
0 33
0 99
0 87
66 99
90 99
33 99
8 99
10 99
0 45
0 9
0 10
0 72
0 3
0 67
7 99
0 90
29 20
0 35
0 4
0 49
0 64
0 79
0 42
48 65
0 43
0 19
0 48
0 50
0 59
22 87
8 81
65 99
70 99
89 99
20 99
76 99
0 85
28 99
81 99
79 99
68 99
53 99
32 99
82 99
0 61
83 99
58 99
74 99
0 13
26 99
0 22
56 99
