5
30
8
20
46
45
100
0 31
0 2
0 6
32 50
27 33
0 44
0 12
7 33
0 14
0 18
0 19
0 41
0 50
0 1
0 36
0 39
0 43
0 35
0 29
0 37
19 50
0 13
0 24
0 17
0 26
0 32
21 50
0 49
38 50
0 47
0 9
29 50
6 50
0 38
0 16
0 21
0 22
33 50
0 42
0 3
43 50
0 10
19 17
0 28
48 50
0 27
0 11
0 4
0 25
7 13
1 25
0 15
7 24
25 50
17 50
36 50
0 48
7 6
0 7
0 40
0 23
37 50
0 34
0 33
5 24
18 50
36 28
5 29
5 9
5 1
5 11
5 33
5 50
5 38
5 25
5 16
28 50
5 13
5 14
5 36
39 50
5 49
5 17
27 50
5 39
5 23
5 6
5 4
47 50
5 47
5 18
19 24
15 6
5 42
37 4
5 27
12 50
5 48
5 19
5 41
