5
4
3
95
2
96
100
1 89
1 67
98 99
1 53
1 7
1 93
1 27
1 86
1 70
1 81
1 61
1 50
1 75
40 19
40 10
40 89
40 84
40 85
40 98
40 59
78 97
40 49
40 79
48 97
40 74
40 66
87 97
40 91
40 54
40 15
40 55
40 78
10 97
40 90
40 5
60 97
53 97
40 14
65 97
92 97
40 52
40 48
40 75
40 21
40 42
74 97
35 97
40 32
90 97
89 97
49 97
40 72
40 94
40 8
40 80
40 77
40 28
40 38
85 97
69 60
69 31
64 97
27 97
69 73
69 93
69 77
18 97
69 90
69 44
69 53
69 80
19 97
69 27
69 13
69 49
69 21
85 22
85 47
85 75
93 97
29 97
81 97
67 97
85 59
85 98
85 63
54 97
85 52
22 31
50 97
85 9
85 70
25 97
88 97
85 80
17 97
85 57
85 53
31 97
62 97
