4
23
60
82
50
100
0 3
0 52
0 36
78 93
0 41
0 8
0 16
51 93
0 40
0 20
0 58
80 93
0 79
0 67
39 93
0 73
0 33
0 22
31 93
0 61
21 93
18 93
85 93
36 15
68 93
52 93
0 38
0 53
0 32
73 93
0 10
15 93
0 72
0 83
43 93
0 6
92 93
79 93
27 93
48 93
0 77
0 14
0 64
36 93
16 93
81 93
0 55
0 86
77 93
0 46
0 25
10 93
0 51
88 93
57 93
0 93
0 44
34 93
0 48
0 92
91 93
0 19
30 93
0 89
0 63
0 66
41 93
0 91
46 93
0 49
0 29
38 93
0 34
0 17
87 93
85 4
71 93
63 93
69 93
4 93
0 43
0 26
0 76
11 93
0 62
0 7
0 65
0 1
0 75
0 12
0 35
17 93
53 93
0 78
28 93
62 93
35 93
0 69
32 93
0 71
