4
26
55
14
49
100
0 50
0 60
0 31
44 99
75 99
35 99
0 41
0 68
4 99
11 99
0 70
0 4
7 99
86 99
93 99
94 99
33 29
70 99
77 99
0 13
80 99
0 46
9 99
87 99
42 99
0 5
92 99
88 99
0 45
0 87
0 63
0 48
74 99
78 99
64 99
31 99
0 85
0 56
59 99
0 97
0 39
0 73
0 7
0 19
0 80
0 6
0 79
0 9
0 54
0 59
0 84
38 99
10 99
32 99
67 99
0 33
45 99
37 99
30 99
24 60
12 99
97 99
0 22
5 60
0 92
0 43
9 60
72 86
72 30
72 38
72 4
72 75
72 13
72 61
72 65
72 94
25 60
72 53
16 60
29 91
61 60
91 60
72 25
72 47
72 41
72 44
42 60
20 60
37 60
74 46
72 8
75 60
90 60
72 89
72 56
72 35
72 18
72 3
72 68
72 42
