5
34
8
7
20
30
100
44 80
24 80
0 43
68 80
0 78
46 2
59 80
0 21
4 23
69 80
23 80
0 17
59 58
5 80
0 54
51 80
0 45
0 33
0 49
58 80
18 80
15 80
42 26
74 80
0 63
0 44
0 69
29 80
0 76
0 15
0 12
0 19
0 66
0 77
0 72
0 31
0 75
0 11
0 58
0 53
0 32
0 68
0 51
0 5
0 4
28 80
0 22
0 73
0 38
0 29
36 80
0 6
0 55
46 54
0 36
0 74
26 80
73 80
9 80
54 80
0 2
0 46
0 48
42 80
25 80
52 80
56 80
3 80
0 9
0 59
60 80
0 65
4 80
79 80
0 23
46 80
0 13
0 42
0 64
59 2
63 80
65 80
50 80
2 80
77 80
21 80
59 19
0 27
0 39
0 10
0 62
57 80
11 80
0 35
0 3
0 16
0 14
43 80
0 56
0 70
