0
98
0 99
1 3
0 2
2 4
3 5
4 5
6 8
7 9
8 10
9 10
11 12
11 13
12 14
13 14
6 7
15 17
15 16
16 18
18 20
17 19
22 24
19 21
20 22
21 23
23 25
24 26
25 27
26 28
27 29
28 29
30 32
30 31
31 32
33 35
33 34
36 38
34 35
37 38
39 41
39 40
40 41
43 45
42 44
42 43
45 47
44 46
46 48
47 49
48 50
49 50
51 52
51 53
52 53
54 56
57 59
55 56
57 56
58 60
59 61
60 62
61 62
63 64
63 65
64 66
65 66
67 68
67 69
68 70
69 71
70 71
81 83
72 74
72 71
73 75
74 76
75 76
77 78
36 37
77 79
78 80
86 88
82 83
84 85
84 86
85 87
87 89
88 90
89 91
90 92
91 92
93 94
93 95
94 96
95 97
96 98
79 81
80 82
54 53
