5
83
39
11
22
62
100
31 95
0 63
61 95
0 24
0 13
0 26
0 37
3 95
57 95
24 70
52 95
70 95
64 95
0 90
74 95
0 58
0 78
85 95
0 14
16 95
0 69
44 95
0 76
79 95
0 53
0 31
14 95
13 95
0 50
77 95
25 95
41 95
0 89
68 95
76 95
78 95
0 48
45 95
0 95
0 74
0 3
0 9
0 5
28 95
0 52
0 73
8 6
0 85
0 49
21 95
0 12
66 95
0 8
17 95
0 92
0 19
59 95
41 32
0 38
0 68
0 45
0 15
0 59
0 91
0 88
0 57
0 40
0 70
0 71
0 94
0 54
73 95
0 41
0 28
0 23
20 95
0 84
0 72
0 21
0 87
0 44
0 56
0 32
0 35
58 95
0 17
0 43
0 4
0 18
0 7
0 86
0 67
0 47
0 34
0 55
0 75
51 95
0 36
0 66
0 82
