5
43
18
56
90
79
100
0 7
51 97
0 17
0 38
0 68
59 97
82 97
0 31
40 97
88 97
1 97
0 74
7 97
0 27
42 97
31 97
3 97
76 97
48 97
60 9
21 97
10 97
24 97
0 13
0 89
0 46
48 9
0 16
0 92
0 5
0 62
0 96
0 69
91 97
58 48
0 94
0 19
0 24
0 36
0 93
0 95
0 41
0 91
0 53
0 26
0 11
0 58
75 14
33 97
44 97
75 12
75 76
75 20
75 71
75 36
75 86
75 38
75 46
75 70
15 97
70 73
3 96
23 7
75 33
75 5
75 42
75 28
96 97
75 95
75 58
75 57
75 96
9 97
75 89
61 97
75 63
75 80
75 61
62 97
25 97
53 97
16 97
37 97
75 66
75 2
75 15
75 62
75 7
75 22
24 42
47 97
32 97
42 66
15 66
63 66
24 59
24 14
24 72
16 94
24 64
