5
58
41
39
28
52
100
27 93
0 45
0 71
0 73
0 35
11 93
53 93
82 93
0 7
4 32
0 18
19 93
43 93
32 93
80 93
17 93
0 34
0 10
0 38
86 93
37 93
0 6
46 93
55 93
36 93
0 65
13 93
0 31
0 37
0 60
88 93
0 57
0 48
0 3
0 47
0 69
21 14
40 14
21 73
5 54
6 93
11 33
11 21
11 77
11 86
11 4
45 93
11 8
54 93
11 48
11 75
9 93
65 93
11 23
11 5
11 25
11 44
11 53
57 69
57 86
57 63
75 93
18 93
57 61
20 93
74 12
57 2
25 12
92 12
27 12
24 12
17 12
57 31
92 20
91 12
34 12
57 3
20 12
23 54
62 60
57 8
62 12
57 16
57 56
57 4
57 42
27 66
26 60
14 12
57 15
54 12
57 60
8 12
92 66
57 17
60 12
57 77
65 12
67 66
57 82
