1
45
100
0 70
43 70
65 61
0 32
0 20
0 38
0 23
0 65
0 47
49 70
0 26
0 57
0 46
34 70
33 22
63 70
61 70
0 66
0 58
0 53
0 17
11 7
0 49
22 70
0 11
21 70
61 14
0 9
51 70
26 70
28 44
64 70
14 70
18 70
44 70
37 15
0 54
3 70
31 15
0 48
55 70
15 70
0 22
0 21
0 43
0 60
0 7
0 25
0 3
0 28
0 68
0 61
54 70
57 70
13 70
48 70
29 70
28 24
50 70
11 70
53 70
4 70
0 8
0 40
37 60
8 70
0 37
0 14
1 70
0 62
24 70
0 1
0 67
66 70
55 69
40 70
0 34
55 28
55 35
59 70
55 42
55 64
69 70
3 10
55 46
2 70
60 70
47 70
10 70
37 70
8 30
46 30
7 41
25 30
36 30
41 30
47 30
60 30
5 30
17 30
