5
72
55
85
31
58
100
0 43
38 99
0 10
0 4
45 99
32 99
0 53
0 21
89 99
0 6
86 99
30 99
29 99
0 13
0 14
0 3
0 66
0 75
22 10
61 99
0 46
0 42
79 34
0 22
0 8
0 49
0 80
0 20
51 99
0 1
0 27
0 19
0 23
0 79
0 50
0 38
0 17
0 18
4 99
46 99
0 89
87 99
0 82
9 99
0 37
16 99
54 99
0 47
0 83
0 44
0 59
0 76
0 99
0 45
0 12
25 99
0 87
0 39
10 99
0 78
0 7
0 77
60 99
0 35
75 99
34 99
0 57
0 95
14 99
42 99
36 99
0 52
0 68
0 98
66 99
0 56
0 28
24 21
0 65
11 99
38 59
0 92
21 99
0 67
0 94
0 26
0 97
6 40
71 99
0 30
47 99
0 70
59 99
0 69
0 86
0 88
54 40
0 62
0 48
0 24
