0
100
0 99
57 99
0 85
0 19
0 92
19 99
0 87
53 99
0 42
0 55
85 99
0 86
0 84
0 50
0 96
0 98
0 1
0 62
0 43
2 99
44 99
0 26
0 17
0 28
0 68
0 46
38 99
31 99
23 99
90 99
4 99
71 99
0 72
10 99
87 99
58 99
89 99
17 99
33 99
0 47
30 99
41 99
67 99
52 99
74 99
54 99
86 99
0 81
37 99
88 99
43 99
51 99
3 99
0 13
7 99
0 20
77 99
48 99
79 99
55 99
83 99
80 99
20 99
68 99
0 27
26 99
0 70
14 29
0 49
0 6
96 99
12 99
21 99
0 38
36 99
29 99
0 25
35 99
67 65
93 99
6 99
0 64
0 65
0 14
96 65
85 65
88 65
0 60
40 65
42 65
0 10
0 9
74 65
0 16
0 77
0 41
39 65
0 4
86 65
15 65
