5
91
79
70
16
7
100
0 85
83 26
0 34
68 97
37 97
0 83
0 20
0 92
0 50
0 44
60 97
0 68
0 66
62 97
0 65
1 97
0 95
0 18
26 97
0 8
0 19
94 97
0 89
0 36
76 97
4 97
0 39
56 97
0 88
0 80
0 48
0 74
0 26
0 97
44 97
28 56
0 43
10 97
0 4
0 58
0 3
0 81
0 71
0 77
0 28
0 31
0 82
0 64
0 42
0 11
17 97
0 61
35 97
22 50
0 32
54 97
0 76
72 97
81 97
50 97
0 69
0 27
0 47
0 17
0 6
0 13
95 97
2 97
30 97
53 97
20 97
80 97
0 57
15 97
0 49
32 97
0 93
0 78
0 62
0 63
0 40
67 97
0 30
0 55
12 66
0 1
82 97
0 38
0 51
0 12
0 41
0 75
0 90
0 2
53 31
0 35
25 97
0 14
0 53
68 27
