5
65
28
12
31
25
100
0 63
0 41
0 30
0 84
0 99
24 45
0 81
80 99
45 99
0 8
58 99
0 89
39 24
46 99
0 67
0 32
0 39
0 83
0 68
0 33
0 17
0 13
38 99
0 62
0 3
0 76
0 77
0 22
0 69
0 37
27 1
0 43
0 14
89 99
0 16
1 99
0 35
48 99
0 42
0 73
0 44
67 99
0 75
0 70
0 56
41 99
55 99
0 48
0 36
64 99
0 29
88 95
0 7
0 26
0 96
3 99
69 99
0 98
0 66
0 74
9 99
21 49
0 27
0 10
95 99
0 6
0 2
0 45
0 23
44 99
0 57
0 93
0 82
54 99
0 1
63 99
0 58
0 91
17 87
0 21
92 99
0 46
87 99
50 99
19 99
15 99
81 99
0 72
0 11
0 19
53 99
68 99
84 99
0 34
0 90
0 71
78 99
0 40
13 99
88 99
