5
35
76
16
20
55
100
0 80
0 60
0 15
25 95
50 95
0 93
0 42
0 67
0 10
68 95
11 95
0 12
65 95
7 13
0 28
0 53
0 71
62 95
0 82
0 57
89 95
79 95
0 7
28 95
0 9
0 91
0 68
52 95
13 95
73 53
77 17
73 31
88 95
73 40
73 37
73 81
73 64
66 95
73 34
73 89
45 95
73 83
3 66
73 75
61 95
73 80
37 95
77 95
38 95
93 95
9 95
73 45
73 62
93 53
72 53
27 53
73 41
68 53
33 53
10 53
77 3
73 1
90 53
73 77
87 53
3 53
73 78
74 53
12 53
65 59
22 53
43 53
73 17
59 53
73 51
73 2
13 53
63 30
17 53
63 62
63 52
77 74
63 92
41 53
51 53
63 29
18 30
63 77
71 6
63 26
63 8
63 51
70 30
56 30
63 71
63 74
63 44
28 30
63 83
63 10
