5
43
87
34
24
9
100
6 99
0 50
0 94
0 35
0 47
0 57
0 61
80 99
0 74
0 46
66 99
0 96
20 99
46 99
49 99
0 75
0 28
0 81
0 95
88 99
97 99
0 15
42 99
66 70
28 99
16 99
0 91
70 99
69 92
83 92
59 98
0 76
0 72
0 51
63 92
41 54
41 83
78 92
98 92
12 11
4 70
41 17
85 92
44 6
48 92
26 92
70 92
6 92
88 92
41 60
16 92
84 92
2 92
41 78
41 86
41 12
41 63
41 21
41 69
41 71
41 33
49 77
49 17
49 57
60 92
32 92
49 85
29 21
65 21
54 21
58 21
4 21
40 21
37 21
49 26
49 44
94 21
83 21
49 60
44 72
74 20
49 15
29 72
60 20
2 20
56 72
85 1
50 20
45 20
1 20
29 20
82 20
50 72
49 59
49 84
49 33
93 20
49 89
72 20
62 20
