2
58
94
89
42 54
42 19
76 97
5 93
25 28
27 10
27 48
27 8
27 34
93 70
95 23
43 23
29 99
57 99
68 98
38 4
38 32
68 16
68 30
2 91
2 50
31 20
22 99
85 99
84 64
84 28
59 99
49 10
59 10
96 73
80 73
45 88
77 88
97 96
90 54
1 54
84 75
41 18
84 37
45 1
15 98
28 35
69 20
69 26
69 48
69 7
60 50
78 65
78 35
34 61
46 23
46 17
46 85
6 12
1 74
40 18
40 33
29 18
40 13
30 17
30 75
4 77
30 71
81 89
24 12
24 55
7 79
82 13
59 67
49 20
33 92
11 18
52 17
41 74
64 26
39 75
49 63
49 66
4 89
39 61
53 89
35 37
56 47
52 20
52 79
48 65
86 62
13 33
89 12
