5
44
42
83
76
11
100
0 56
38 99
0 17
0 96
0 36
0 66
0 63
90 99
6 99
66 99
94 99
17 99
0 74
0 15
10 99
0 39
0 77
0 18
84 99
71 99
0 95
86 73
0 87
0 40
55 99
73 75
0 86
74 99
98 99
0 65
0 73
19 16
0 38
0 24
0 9
0 92
0 99
0 19
75 99
0 48
79 99
0 93
0 62
0 30
0 60
0 20
0 80
21 99
0 98
0 43
68 99
0 45
16 72
0 10
0 16
0 58
0 89
0 59
63 99
0 22
0 49
0 26
0 35
41 99
0 52
34 99
0 37
65 99
0 57
56 99
73 99
32 99
0 53
0 25
0 50
0 78
87 99
60 99
0 71
0 97
0 68
86 99
30 99
19 99
9 99
0 32
0 64
53 99
0 34
48 99
64 99
1 99
89 2
2 99
29 99
0 47
16 99
47 99
0 31
0 94
