5
92
56
19
89
32
100
38 98
3 98
0 94
0 90
47 98
0 10
40 98
0 57
0 82
0 53
0 79
0 23
0 80
0 69
87 98
0 13
0 75
26 98
0 50
0 34
58 98
15 98
63 98
16 98
75 98
0 88
0 9
65 48
0 28
0 70
0 58
45 98
46 98
0 25
0 65
78 98
0 46
82 98
42 98
24 98
2 98
88 98
57 98
35 98
61 98
0 86
95 98
96 98
0 39
23 84
52 98
91 98
28 98
39 98
0 54
58 22
18 98
54 98
55 98
22 98
93 98
37 98
5 98
74 98
29 98
0 87
0 40
0 26
0 66
0 4
85 98
70 98
23 98
17 98
0 33
14 98
65 98
76 98
49 67
18 67
0 73
11 67
42 67
0 29
0 37
0 97
0 93
84 25
0 45
13 33
0 27
0 5
64 67
0 35
0 43
0 84
0 62
0 24
0 47
73 67
