0
100
0 89
4 89
0 25
66 89
0 28
0 80
0 66
65 89
42 89
35 56
0 73
78 56
2 56
67 56
4 38
0 86
31 38
87 38
0 82
57 38
48 38
53 38
75 38
20 38
0 40
77 38
9 46
0 85
31 85
10 85
11 85
0 27
0 35
78 58
78 57
78 1
78 20
78 40
78 31
78 55
78 47
83 6
83 27
83 60
83 28
71 85
83 32
19 49
36 85
83 35
83 12
83 11
47 76
47 62
63 68
69 85
1 85
63 26
63 49
48 52
77 85
33 85
60 55
52 43
4 55
71 55
48 86
48 5
16 55
2 55
48 8
1 51
60 51
48 36
48 74
48 44
81 9
81 40
81 8
42 51
19 51
26 51
24 54
59 51
73 54
81 49
81 37
81 86
28 69
2 54
72 54
4 54
37 75
23 75
28 37
14 75
43 75
28 7
15 20
23 58
