5
24
45
63
89
65
100
68 99
12 99
98 99
0 2
0 80
0 46
0 86
62 99
0 3
0 31
41 26
0 33
0 17
53 99
46 99
9 99
0 79
26 99
0 35
7 99
82 99
0 81
0 20
60 99
0 96
0 34
0 21
54 99
18 99
25 99
41 99
0 32
0 77
0 61
0 41
0 85
0 43
0 82
0 29
0 67
1 99
15 99
0 38
13 99
20 99
0 72
0 16
0 8
0 76
84 99
0 57
31 99
28 93
0 62
87 99
0 83
0 19
78 99
0 36
0 42
0 70
0 26
0 73
0 4
0 5
0 68
0 11
34 79
0 90
97 93
0 98
77 99
0 64
0 6
0 84
0 95
0 69
0 30
0 78
0 23
0 99
54 67
48 99
72 99
0 14
0 25
0 7
0 48
80 99
0 44
57 99
93 99
67 99
0 97
0 92
21 99
42 99
0 94
0 40
0 54
