5
57
6
39
33
48
100
0 16
0 60
0 56
0 27
0 5
0 52
75 99
85 99
0 61
0 95
0 69
0 42
0 29
0 70
0 98
62 99
0 89
0 43
0 8
63 99
0 22
0 78
0 92
0 23
10 99
0 58
0 86
0 28
0 18
20 26
26 99
0 11
0 93
0 96
13 99
0 7
0 25
0 75
82 99
0 19
0 20
0 55
0 46
10 56
14 99
35 99
0 94
0 87
17 99
0 74
0 15
36 99
56 99
0 66
42 99
84 99
0 30
0 72
24 99
0 82
50 99
67 99
43 99
0 90
0 97
0 10
0 12
30 99
0 32
0 34
0 38
0 62
0 64
0 17
0 65
0 77
0 41
0 31
0 35
0 73
0 13
0 36
0 3
0 91
0 4
0 40
0 47
22 99
0 9
37 99
37 16
37 55
37 64
37 45
28 99
7 99
37 9
37 68
37 29
37 34
