5
5
3
49
16
30
100
26 79
32 71
29 79
24 79
46 79
31 79
41 79
0 31
0 4
0 1
0 42
0 66
0 2
0 46
0 7
8 79
0 12
0 18
57 79
0 24
19 58
71 79
58 79
0 59
0 56
69 79
43 79
0 19
48 2
0 41
36 79
0 58
65 79
45 4
0 35
0 70
17 79
0 26
77 79
73 79
2 79
0 25
1 79
73 61
15 79
64 79
61 78
44 79
0 51
15 78
0 9
0 68
50 51
50 78
50 75
50 13
50 15
50 74
72 78
50 40
28 21
50 6
31 78
50 67
50 53
50 45
50 47
46 51
50 12
50 27
50 31
50 57
50 46
50 77
50 69
50 68
50 9
37 78
59 78
50 48
45 78
50 4
50 22
21 78
76 24
13 78
2 78
35 78
76 64
77 78
27 78
10 78
76 35
51 78
60 78
64 20
76 39
32 20
35 20
76 20
