3
25
24
46
96
67 69
9 50
6 57
14 57
0 33
36 41
1 41
15 33
34 33
9 4
0 64
17 4
1 4
67 4
64 4
15 4
20 23
67 32
0 9
60 9
11 9
13 9
30 45
16 45
56 45
17 45
1 45
0 44
0 52
0 2
0 42
0 15
12 1
67 10
39 10
6 56
5 10
27 10
49 16
62 16
60 30
15 16
29 53
2 47
6 38
58 47
19 15
2 15
6 54
6 7
52 61
20 55
64 66
1 66
34 21
49 59
7 59
6 18
42 8
6 29
6 63
62 34
62 58
2 35
5 3
39 3
2 1
68 3
7 11
38 3
52 3
11 67
49 44
64 65
28 17
2 56
52 1
58 14
39 14
34 1
58 1
13 14
52 34
11 34
2 36
7 64
51 58
2 39
2 5
2 7
19 20
51 68
51 13
42 5
43 49
68 5
