3
55
19
83
86
2 95
54 95
78 34
27 34
27 5
89 5
0 18
0 84
42 90
79 48
42 59
93 14
66 48
97 14
23 70
23 75
2 1
52 79
52 3
96 33
24 36
24 15
29 54
29 88
93 57
94 85
90 31
94 35
72 31
74 53
85 62
32 62
60 38
21 82
21 50
28 38
41 20
81 47
8 26
8 11
81 58
30 20
69 17
13 68
78 17
87 82
13 27
63 72
51 25
36 43
37 22
37 41
63 61
74 10
32 30
67 97
80 6
80 66
77 40
77 86
65 73
56 18
25 6
7 44
7 57
10 58
39 60
46 65
59 89
35 41
87 76
9 28
75 71
44 35
88 22
70 68
92 30
92 47
49 91
86 1
16 15
12 90
56 91
61 40
11 50
71 61
