2
29
36
97
32 40
32 33
32 37
40 46
40 41
40 39
42 47
42 43
42 39
42 37
46 52
46 47
39 38
39 43
33 47
33 38
38 44
43 47
44 49
50 54
50 53
48 51
52 53
51 54
0 1
0 2
0 5
12 30
13 30
10 14
0 3
5 1
4 1
0 6
28 30
27 30
28 24
3 1
5 2
18 30
3 2
4 2
21 25
11 15
11 14
22 26
19 23
20 23
17 21
21 23
22 25
20 24
21 24
22 23
22 24
27 26
27 25
27 23
27 24
28 25
2 28
1 28
8 6
0 7
0 4
8 5
10 6
8 4
9 6
7 6
5 6
7 3
7 4
5 4
3 6
7 5
8 9
8 12
8 7
8 11
10 9
10 12
10 11
10 13
7 9
11 9
13 9
11 12
13 12
13 17
13 16
13 15
14 12
15 12
14 16
15 16
14 17
