5
92
13
36
38
71
100
59 99
0 28
9 99
82 99
85 99
1 99
0 80
23 99
86 99
33 99
54 99
19 99
0 99
22 99
48 99
7 99
68 99
87 99
69 99
40 99
0 98
20 99
0 6
0 57
24 99
0 55
0 37
84 99
0 68
78 99
0 86
0 5
4 3
32 99
0 9
0 75
0 20
0 94
0 11
0 72
0 49
0 81
64 99
25 99
0 76
0 78
10 99
0 77
0 51
0 58
0 2
0 41
79 99
89 83
0 25
0 17
80 99
0 89
0 12
0 24
0 96
26 99
0 59
0 60
0 48
0 18
0 88
3 99
0 32
0 82
94 99
49 99
0 8
97 99
0 54
31 99
0 22
0 1
0 56
55 99
43 99
81 99
21 99
0 27
0 69
0 61
93 99
77 99
0 39
90 99
0 29
0 50
0 73
0 31
0 34
0 67
0 90
76 99
70 99
53 99
