5
65
58
26
13
61
100
80 94
16 94
68 9
0 2
0 14
91 94
9 94
0 19
71 56
22 94
56 94
0 93
0 62
53 94
17 94
0 44
0 68
0 82
0 8
0 66
0 59
75 94
52 94
4 94
66 94
45 94
93 94
57 94
28 94
0 85
27 94
0 48
0 79
0 76
0 40
0 15
47 94
0 5
0 90
12 94
15 94
0 49
0 81
0 64
0 67
20 94
5 94
0 69
0 29
77 94
70 49
68 94
0 87
0 6
0 51
0 55
0 20
0 18
86 94
14 94
0 57
0 70
49 94
0 72
0 83
0 53
0 78
69 94
0 63
0 10
0 56
0 92
0 42
0 34
35 94
0 77
0 46
0 28
0 35
0 1
0 94
0 30
0 38
0 3
0 25
0 52
60 94
0 21
32 94
0 24
0 9
0 16
0 71
55 94
0 60
0 74
0 32
6 94
67 94
0 31
