4
70
32
29
72
100
0 16
0 26
0 14
0 93
0 66
0 61
0 53
0 36
0 18
0 17
0 60
0 13
0 95
0 48
0 84
0 46
0 9
0 20
41 99
47 99
0 3
80 99
0 76
0 86
0 91
0 57
69 99
0 99
0 45
8 99
90 99
10 74
0 15
22 99
0 55
64 99
0 24
94 26
0 47
54 99
33 99
0 25
0 59
74 99
94 30
56 99
26 99
15 99
86 99
23 99
0 79
9 99
84 99
16 99
77 99
0 4
59 99
13 99
0 80
0 11
67 99
4 99
58 99
0 94
0 35
0 40
2 99
0 69
50 99
28 99
0 38
0 82
88 99
0 75
0 22
0 87
40 99
36 99
38 99
92 99
0 10
81 99
0 1
79 99
18 99
21 99
48 99
0 50
49 99
68 99
34 99
93 99
66 99
0 41
42 99
0 30
0 27
5 99
98 99
0 90
