5
14
33
56
54
94
100
17 26
0 46
0 30
32 96
0 36
0 61
0 63
0 89
52 96
26 96
86 96
31 96
48 96
3 96
0 82
0 11
0 53
0 24
0 86
0 67
0 84
0 34
88 44
88 67
51 8
88 86
88 13
88 15
88 6
88 34
88 55
88 31
88 95
88 48
88 24
8 96
37 25
88 74
63 64
88 78
88 82
88 92
72 96
58 96
50 96
46 24
24 96
23 35
88 91
88 81
66 96
88 21
43 74
43 84
43 73
43 86
43 53
43 77
43 2
43 5
35 96
43 19
43 31
44 61
43 81
43 24
43 67
43 28
43 8
16 4
16 13
16 66
16 79
16 42
16 82
16 25
16 21
84 59
16 18
29 84
61 96
29 64
70 96
29 38
29 63
29 22
19 78
58 68
29 1
68 78
29 83
29 11
20 10
30 78
74 78
89 10
29 65
29 32
12 10
3 69
