5
27
17
16
46
88
100
0 48
0 59
0 42
0 91
0 62
0 71
0 41
0 74
0 60
0 87
31 2
0 65
33 95
0 84
0 31
0 92
83 95
57 95
26 95
0 7
0 9
70 95
0 79
0 23
81 95
0 33
59 63
2 95
54 95
86 71
63 95
85 7
25 95
0 52
23 95
10 95
7 95
18 95
0 8
40 95
71 95
29 95
0 21
0 85
87 95
0 78
0 36
43 95
0 30
0 80
0 86
0 2
67 20
0 57
0 5
0 22
20 95
5 95
0 11
33 68
0 15
0 93
0 66
32 73
79 95
0 49
0 1
0 90
0 39
0 67
0 37
0 55
0 38
35 95
0 19
0 81
0 54
68 95
0 89
0 83
85 21
0 3
0 44
0 50
43 8
0 6
0 53
0 95
73 95
37 95
21 95
8 95
0 26
0 56
0 47
0 43
13 95
69 95
90 95
0 94
