5
85
7
49
66
62
100
0 45
0 25
57 96
35 54
0 86
0 50
0 64
0 57
10 89
0 95
0 70
0 13
0 14
0 82
60 23
0 48
54 96
27 96
0 28
47 96
89 96
14 96
0 60
34 96
29 96
0 73
0 11
33 96
50 96
45 96
77 96
0 53
63 96
41 96
0 75
8 96
20 96
70 96
0 32
69 96
60 96
0 93
53 96
0 92
0 26
0 12
88 96
32 96
0 54
0 69
0 24
28 96
0 22
0 2
0 35
0 5
0 81
19 96
0 20
0 8
0 79
0 44
0 55
0 16
0 63
0 17
0 52
0 80
0 87
0 36
0 18
0 96
0 42
0 37
0 38
0 19
0 61
21 96
0 90
0 9
0 41
0 77
0 76
0 84
81 37
0 1
0 10
0 72
0 71
64 96
0 56
0 39
0 3
83 96
16 96
0 4
0 31
23 96
35 96
0 27
