5
48
6
68
29
37
100
0 21
0 90
0 76
61 14
61 41
61 46
12 13
12 82
12 84
64 99
57 99
12 24
12 33
12 8
39 16
28 99
60 99
39 84
27 99
72 99
2 82
39 33
49 82
33 87
39 78
39 3
53 16
25 87
5 87
66 87
76 16
22 17
98 17
42 2
4 17
8 23
49 2
44 2
39 35
39 77
66 7
20 2
39 81
75 2
66 84
66 71
66 88
66 78
63 2
7 2
51 2
60 2
4 89
71 89
21 89
66 72
66 8
66 26
27 8
27 74
27 59
27 18
32 89
7 56
7 34
7 40
7 96
7 85
52 89
7 65
88 81
88 15
88 94
88 22
84 89
85 89
40 89
88 20
54 89
30 89
56 51
18 51
88 64
15 51
78 51
97 80
80 51
69 75
26 75
88 86
41 90
98 90
59 90
14 69
77 69
88 32
84 5
88 42
5 69
93 14
