0
100
0 99
16 99
0 33
0 75
8 99
0 17
57 99
41 99
60 99
17 99
82 99
31 99
42 99
2 99
23 99
39 99
50 22
11 99
45 99
81 99
22 99
29 99
0 38
25 14
0 98
0 61
0 11
0 95
0 67
56 99
44 99
37 99
0 57
0 80
0 31
0 28
84 99
93 99
14 99
0 23
0 18
0 70
79 99
66 99
94 99
0 83
0 36
25 95
0 84
0 40
35 99
0 43
79 39
77 99
55 99
0 59
33 74
52 99
81 70
0 25
0 79
92 99
0 35
53 99
86 49
0 81
74 99
86 99
33 99
80 99
65 99
18 99
0 53
49 99
97 99
85 99
0 58
19 99
0 66
0 82
0 15
63 99
0 22
28 99
51 99
0 42
98 99
0 1
96 99
9 99
30 99
66 24
0 60
89 99
58 99
76 62
0 47
88 99
61 99
0 55
