5
49
37
77
60
31
100
62 94
45 94
0 16
0 54
0 25
0 42
0 86
0 7
0 78
0 15
0 57
51 94
0 47
0 51
0 79
12 94
0 19
15 94
0 68
73 94
0 45
0 36
0 85
0 64
0 1
18 94
41 94
7 94
0 70
11 94
81 94
0 69
67 94
14 94
78 94
48 94
0 55
0 93
0 17
0 35
32 94
87 59
22 94
27 94
0 74
66 94
0 14
0 92
28 5
0 81
50 89
43 94
59 94
89 94
0 66
0 90
0 28
65 64
35 94
0 50
5 94
64 94
75 61
0 71
63 94
0 22
9 94
87 94
61 94
0 3
0 12
0 94
0 75
0 73
72 94
65 94
0 46
24 94
0 82
0 23
0 88
0 65
0 48
0 56
50 94
33 23
0 67
0 84
92 94
0 24
84 94
88 94
23 52
0 41
91 94
54 94
52 94
0 87
0 6
0 63
