0
100
0 99
0 26
69 99
0 55
20 99
65 99
54 99
68 99
28 99
96 99
0 18
26 90
0 83
52 99
54 77
0 38
57 99
90 99
84 99
77 99
0 76
13 99
38 99
0 69
0 78
0 63
87 99
0 92
48 99
23 2
63 92
66 99
41 99
92 99
2 99
53 42
28 23
31 99
3 42
0 17
42 99
7 99
89 99
0 60
0 49
17 99
80 55
0 62
0 25
0 87
0 68
0 47
0 6
0 41
0 29
0 52
0 33
83 99
19 99
10 99
0 9
0 46
0 77
0 84
0 12
34 72
0 3
0 80
76 99
0 15
0 65
0 23
0 45
0 50
0 86
0 34
0 19
40 72
0 44
0 13
0 4
0 94
0 90
0 70
79 36
73 99
0 40
0 24
0 32
80 99
22 99
73 26
73 78
72 99
0 67
95 99
58 99
14 99
43 15
26 64
