5
25
84
31
2
30
100
0 51
0 76
0 12
0 92
0 4
77 93
0 53
0 90
0 78
0 80
0 49
0 52
0 41
0 45
0 13
0 1
21 46
0 59
18 43
0 11
0 15
0 23
57 93
42 93
26 93
0 21
55 93
90 93
0 82
0 18
0 69
0 67
21 93
62 93
69 93
82 93
81 93
8 93
43 93
22 93
0 3
4 93
54 93
69 76
0 79
29 52
37 14
76 93
11 93
86 93
52 93
23 93
0 10
90 85
0 57
0 28
14 93
39 93
41 93
0 38
37 75
0 8
0 37
0 17
0 48
0 7
28 93
6 43
13 70
6 78
6 14
6 82
6 28
92 93
59 93
66 93
6 50
70 93
6 63
6 19
6 80
14 19
55 19
49 19
6 7
6 56
16 19
20 24
22 19
6 86
6 13
24 19
6 67
83 19
6 52
6 72
6 9
13 73
6 69
6 51
