4
88
1
12
11
100
0 14
0 69
0 28
0 72
0 82
0 21
0 83
0 20
0 74
81 99
0 57
0 65
0 34
0 75
0 62
0 47
0 18
0 87
0 53
0 85
0 97
0 15
0 24
0 55
0 19
0 92
0 68
0 36
0 80
0 33
0 6
0 56
0 70
0 43
0 10
0 22
0 94
0 90
0 17
0 31
0 51
42 52
42 85
42 76
42 39
42 70
42 5
42 22
42 40
42 24
42 87
42 69
42 84
42 54
42 23
42 4
42 3
42 34
42 47
42 46
42 41
42 2
42 36
42 37
42 15
42 53
42 62
42 68
42 93
42 30
42 65
42 80
42 8
42 64
42 44
42 35
42 26
42 43
42 97
42 10
42 33
42 61
42 56
42 92
42 25
50 68
50 10
50 19
50 15
50 87
50 32
50 65
50 35
50 92
50 53
50 39
50 80
50 27
50 51
50 2
