5
41
89
29
4
58
100
51 92
76 92
0 19
68 92
42 92
0 23
0 2
0 71
6 92
81 92
60 92
0 92
0 26
0 6
0 68
73 23
0 9
0 73
0 60
3 92
0 67
0 63
0 57
0 43
0 42
0 18
0 14
0 80
0 40
0 75
11 92
61 92
79 92
0 50
0 31
0 3
0 79
0 52
0 35
0 77
0 82
0 33
0 83
90 92
0 24
40 92
36 92
23 92
30 92
13 92
57 92
26 92
24 92
38 92
17 92
0 56
84 92
0 44
0 28
69 21
66 62
88 92
0 11
62 92
0 59
0 37
0 45
66 92
0 90
0 78
0 7
0 66
0 86
0 81
0 51
39 92
0 76
0 62
0 72
0 1
64 92
0 20
10 19
0 54
38 74
91 42
0 12
0 13
64 5
91 10
16 15
0 32
0 39
0 15
74 92
0 69
5 92
71 92
44 92
21 92
