5
55
76
85
92
20
100
0 56
9 34
0 7
18 95
62 95
82 34
0 52
70 95
0 16
71 95
34 95
0 10
0 39
0 25
31 95
0 6
0 72
0 31
0 21
0 95
83 95
66 95
7 95
0 82
0 38
0 33
0 40
0 53
0 22
0 77
0 32
56 95
0 47
79 89
0 17
0 35
0 87
36 28
0 51
0 13
0 14
0 79
11 95
0 49
0 5
40 95
0 29
0 36
0 26
0 19
0 58
0 75
0 24
0 91
0 68
0 89
0 61
0 78
0 86
33 95
5 95
0 42
28 95
23 95
0 18
10 95
0 11
0 37
0 93
89 95
0 81
0 66
0 65
1 95
6 95
0 28
0 45
0 74
0 43
59 95
0 88
0 1
0 90
0 9
17 95
67 66
0 30
0 67
60 95
0 41
13 95
44 95
0 46
61 95
72 95
35 95
0 94
0 2
0 60
0 59
