5
46
68
11
63
62
100
16 99
15 99
0 52
0 93
0 55
75 99
0 48
0 57
12 99
4 99
0 71
0 51
0 83
0 2
51 99
0 18
32 99
0 64
92 37
0 5
84 99
36 99
37 99
97 99
5 99
4 80
92 99
0 38
0 60
0 61
0 21
39 99
23 99
83 13
67 80
6 95
2 99
80 99
30 99
9 99
29 95
0 87
0 72
0 45
95 99
0 58
27 99
42 99
0 91
0 15
4 54
55 99
17 99
20 99
0 99
6 99
0 32
58 99
0 76
54 99
0 29
83 87
26 99
0 67
0 4
0 17
0 50
56 99
76 99
87 99
94 82
78 99
0 44
82 99
91 99
69 45
84 71
33 99
90 6
0 75
0 19
47 99
0 24
0 74
0 26
0 39
0 13
0 3
84 45
64 99
40 99
43 99
14 99
94 45
0 16
71 99
0 70
0 80
23 45
29 99
