1
2
95
0 99
1 99
97 99
0 98
4 99
96 98
0 23
19 96
1 3
20 93
95 96
56 90
95 94
45 93
21 23
25 95
21 19
20 29
7 82
35 87
15 13
18 19
14 13
80 82
90 92
91 92
18 17
18 54
14 12
43 41
78 80
15 17
38 85
50 76
44 42
49 51
44 46
29 78
38 75
23 3
23 24
71 73
75 77
24 57
24 25
47 49
47 48
48 50
29 31
26 27
69 71
70 71
54 53
52 53
74 76
81 82
83 84
83 82
85 86
86 87
88 89
79 80
26 28
25 59
27 29
28 29
35 34
35 33
36 37
38 13
39 56
42 62
9 56
60 58
33 70
33 31
32 34
72 73
74 75
76 77
62 63
61 63
70 68
9 10
69 67
68 66
65 63
66 64
67 65
11 10
8 10
6 12
11 12
7 9
6 8
