5
90
47
70
85
49
100
0 66
15 6
0 5
0 29
82 99
0 31
0 58
55 99
24 99
0 97
0 53
0 76
0 88
0 51
0 34
0 18
0 99
6 99
79 69
58 99
95 99
0 71
0 55
0 36
60 99
0 19
69 99
0 74
22 99
48 99
0 75
93 99
66 99
74 99
61 99
98 99
0 57
0 20
0 50
0 72
0 87
0 54
0 60
0 81
0 62
0 1
92 56
92 45
92 31
63 99
38 99
92 50
71 99
92 52
92 11
30 99
92 29
51 99
92 54
92 62
92 22
28 99
75 99
23 99
92 8
92 67
92 79
56 99
57 99
92 65
86 20
17 20
5 20
92 94
92 89
92 80
37 20
92 82
91 20
92 68
92 74
39 20
92 71
92 19
92 36
92 51
92 98
92 64
92 84
92 46
92 17
92 32
92 77
83 5
83 76
83 18
31 20
83 11
83 2
83 78
