5
7
37
89
82
36
92
0 22
0 3
1 63
1 5
1 22
1 4
70 57
28 57
1 2
1 77
85 57
26 84
87 72
87 50
88 48
88 59
2 38
33 57
30 4
34 12
5 12
75 12
6 4
30 53
29 21
29 32
29 6
48 41
55 14
15 14
18 14
25 92
46 92
48 62
50 92
20 3
49 96
31 96
73 34
48 76
67 42
22 50
98 50
53 50
15 45
67 97
67 8
15 21
91 84
46 93
58 32
45 55
70 55
31 65
85 94
46 91
46 72
46 47
80 63
10 6
56 81
22 81
22 18
19 18
76 45
22 31
10 49
80 20
51 74
93 70
56 95
40 53
33 62
22 19
22 41
13 53
13 28
40 56
8 11
23 62
98 21
13 5
42 44
42 76
13 24
44 35
69 6
35 27
56 19
39 33
17 59
17 73
