5
12
11
17
61
86
100
0 13
81 99
76 99
56 99
0 94
34 99
79 45
31 99
0 97
78 99
71 79
38 99
72 1
27 1
10 1
58 1
71 54
74 56
71 15
21 56
49 56
71 44
22 46
71 88
36 46
13 46
21 46
64 14
85 76
70 76
64 29
64 74
19 22
19 6
19 91
19 98
50 76
35 76
79 76
15 76
65 45
69 77
65 90
65 78
3 6
3 18
94 29
27 62
28 68
28 45
28 96
91 77
38 60
55 77
38 22
14 77
30 29
48 29
67 55
38 47
38 78
89 15
14 29
89 39
91 29
89 6
72 69
67 16
89 84
49 81
18 69
49 47
40 35
72 35
98 52
98 18
98 93
70 35
72 13
72 10
72 23
72 53
72 15
92 34
45 75
68 75
92 36
24 41
92 20
92 7
47 91
47 82
47 66
85 75
47 57
47 73
84 37
84 20
84 59
13 75
