5
63
70
69
87
79
100
29 16
0 11
0 83
28 90
0 29
0 44
54 90
0 64
0 39
0 61
0 75
34 90
30 90
0 55
0 56
0 62
0 30
0 5
0 59
0 76
0 65
0 3
0 90
0 19
0 35
0 49
0 43
0 74
0 73
0 23
0 2
0 78
0 4
65 90
0 28
0 12
0 21
0 57
0 45
32 16
2 81
0 42
0 17
36 21
0 54
0 53
38 81
0 77
0 24
0 36
0 13
0 80
61 90
81 90
0 66
0 38
0 68
0 34
0 85
0 20
72 73
0 25
16 90
76 58
0 32
0 67
0 31
0 6
0 58
71 90
0 82
78 58
0 18
6 90
0 26
0 9
0 46
0 51
0 47
0 14
0 86
0 84
0 89
81 40
81 50
35 90
81 25
81 67
81 21
81 1
81 19
35 32
81 42
35 53
81 43
81 88
81 20
81 35
72 90
58 90
