5
50
96
56
42
79
100
0 33
4 1
0 87
0 12
0 37
0 29
0 51
49 99
0 40
0 72
0 55
0 45
41 99
0 36
0 10
0 66
0 44
0 54
0 30
71 99
1 99
0 94
80 99
55 12
0 34
0 2
0 35
78 99
0 84
0 93
0 85
67 99
0 14
0 69
0 65
9 57
0 70
0 1
0 91
0 74
0 53
0 47
0 23
0 38
0 4
25 99
0 17
2 99
0 86
0 20
0 24
0 59
85 99
0 71
0 63
0 57
0 82
0 68
0 46
0 11
0 80
0 6
0 81
0 8
0 3
0 26
5 99
0 89
97 99
38 99
23 99
36 99
75 99
87 99
0 25
0 21
0 90
0 95
9 61
13 99
76 99
0 9
0 5
0 39
0 99
0 92
61 99
0 19
61 66
0 73
0 58
0 41
66 99
0 61
90 99
43 99
0 62
0 77
93 99
0 75
