5
15
3
29
53
6
100
0 37
0 83
0 26
0 52
0 58
0 91
0 25
0 76
75 36
75 21
88 92
88 68
88 73
88 60
88 30
88 1
72 86
72 23
72 68
7 99
72 65
72 35
72 81
1 94
31 58
1 86
1 12
1 45
1 66
38 99
42 4
90 99
50 99
42 80
42 47
42 37
42 55
13 25
42 78
42 11
4 99
59 99
62 99
96 99
13 44
13 30
62 52
13 46
25 52
31 52
13 23
13 5
13 96
13 8
11 58
11 16
11 37
11 62
11 66
85 52
27 52
47 57
20 82
47 39
71 52
63 52
44 52
47 50
65 94
76 71
14 82
47 90
47 97
71 82
47 86
47 48
47 64
47 4
24 59
24 86
24 60
24 68
89 25
24 65
24 73
31 82
18 4
24 67
24 39
12 63
98 82
12 34
12 92
60 82
33 82
12 31
12 46
40 82
94 82
79 25
