3
26
42
69
100
73 99
28 99
0 49
0 17
0 44
0 28
78 99
0 89
38 99
25 99
0 47
0 92
0 9
0 12
44 99
68 99
27 99
39 12
0 29
0 52
0 81
11 99
0 48
0 56
0 95
0 13
0 99
65 99
0 3
0 45
0 78
29 99
0 91
55 99
0 51
0 79
52 97
0 2
0 1
0 73
89 99
0 38
0 98
0 74
12 99
0 16
91 99
86 99
82 99
0 80
0 27
0 24
0 70
97 99
0 35
37 99
0 60
96 99
0 36
0 65
51 99
95 99
54 3
0 68
51 93
36 99
2 99
18 99
0 58
3 99
93 99
13 99
74 99
75 99
58 99
56 99
0 41
50 99
1 99
20 99
0 64
5 99
23 99
0 82
0 67
0 75
0 37
0 66
60 99
66 99
74 33
10 99
0 72
0 71
0 87
0 22
0 85
0 6
33 99
24 75
