0
100
0 99
0 73
0 95
0 25
0 6
84 99
0 8
0 1
71 32
71 1
71 34
70 36
70 79
70 41
70 84
70 47
66 8
66 28
86 94
66 84
66 86
66 96
66 63
66 56
68 99
76 67
68 17
3 11
39 99
37 64
94 99
67 99
92 99
64 99
10 99
78 46
45 7
97 99
15 99
35 7
82 7
54 30
83 7
76 7
30 7
75 7
89 9
31 9
92 9
2 9
53 33
27 9
4 9
33 9
15 9
42 58
94 58
36 39
34 39
80 39
14 43
3 68
73 39
3 44
95 39
89 39
11 98
3 14
3 51
94 39
24 98
3 16
3 37
3 79
3 60
87 98
56 98
67 98
28 77
54 34
49 77
34 79
45 79
54 29
72 12
54 86
54 26
54 83
28 82
54 65
54 19
28 10
28 11
35 12
14 12
28 48
28 90
28 22
29 97
29 35
