5
98
43
49
80
66
100
0 54
0 35
0 26
0 65
0 89
0 10
0 53
0 67
21 99
0 57
0 85
0 12
11 99
0 64
93 99
0 23
86 54
48 99
0 34
67 99
29 88
0 17
14 50
14 24
14 35
14 73
54 99
55 99
88 99
32 99
36 99
8 99
14 93
13 99
61 70
14 48
84 89
14 78
60 9
38 99
14 26
63 99
31 15
5 74
89 99
70 99
64 99
15 99
81 74
50 74
14 36
14 45
14 57
14 83
40 74
47 74
14 56
14 19
33 36
69 42
1 42
18 74
33 71
81 42
46 74
63 74
33 23
33 5
84 74
93 74
83 74
27 42
33 78
33 24
33 28
33 97
72 42
33 31
68 42
33 90
33 30
33 48
8 42
11 42
33 93
77 42
23 42
86 42
73 52
93 42
77 30
52 42
34 30
88 30
17 30
40 30
28 30
33 20
33 53
33 11
