4
4
63
95
88
99
0 14
87 86
92 99
0 19
0 26
86 99
0 61
0 94
53 99
0 24
0 91
0 46
0 27
43 5
59 99
66 21
43 37
21 99
43 7
43 62
49 42
12 99
43 81
40 66
43 91
66 99
43 60
43 35
43 61
43 15
43 92
43 83
43 90
77 56
18 58
9 37
12 44
12 16
12 1
12 66
12 54
12 51
12 29
46 99
12 3
12 18
86 13
86 56
86 77
86 98
86 57
86 76
86 41
86 14
86 31
86 50
86 39
86 61
7 30
79 36
30 99
79 27
79 54
79 74
79 30
79 7
79 66
79 81
79 22
59 89
59 8
59 69
59 83
59 60
59 54
59 73
59 77
59 91
83 99
45 14
45 83
56 99
45 68
45 19
45 89
77 99
45 36
45 31
45 26
45 15
45 7
45 16
42 99
69 81
69 1
69 41
29 99
69 78
69 31
