5
13
35
36
44
14
100
57 60
0 16
40 60
59 60
15 60
2 11
0 21
0 50
0 9
0 22
2 23
2 50
2 55
2 40
2 31
2 21
2 4
2 16
2 17
2 20
2 34
2 38
2 41
2 7
2 3
2 24
2 48
2 27
2 6
2 9
2 15
2 49
2 42
2 33
2 39
2 47
2 25
2 26
2 10
2 32
2 30
2 56
2 59
2 37
2 54
2 57
2 29
2 1
2 28
2 46
2 5
2 43
2 8
2 12
2 18
2 53
2 51
2 52
2 58
2 22
2 19
45 11
45 31
45 6
45 33
45 16
45 24
45 50
45 29
45 3
45 48
45 42
45 30
45 20
45 46
45 23
45 41
45 25
45 15
45 7
45 38
45 52
45 55
45 39
45 4
45 21
45 1
45 37
45 56
45 12
45 49
45 18
45 54
45 59
45 8
45 27
45 32
45 47
45 40
45 57
