5
86
57
66
7
34
100
0 30
0 46
0 9
35 92
0 8
0 35
0 33
0 17
0 43
79 99
11 99
0 25
38 93
49 99
19 99
0 44
87 93
32 62
82 99
26 99
93 99
69 99
22 99
62 99
58 99
13 99
63 99
64 99
56 99
30 99
68 99
75 99
23 99
90 99
50 99
88 99
46 99
0 95
0 29
6 99
0 28
0 97
0 81
53 99
56 77
1 99
77 99
0 5
89 99
87 99
72 99
83 99
27 99
36 99
4 99
47 99
17 99
0 19
0 52
42 99
41 99
9 99
97 99
98 99
70 99
15 99
80 99
81 99
48 99
32 99
35 99
43 99
44 99
1 84
0 65
13 84
58 84
0 85
8 65
48 84
65 84
0 80
0 69
0 53
0 1
0 23
89 84
8 84
82 91
0 62
0 83
0 84
0 89
0 6
0 64
76 84
0 37
46 84
0 18
0 42
