3
27
24
6
91
0 1
50 51
49 86
49 48
40 41
39 82
38 37
38 85
66 67
65 64
77 76
77 78
95 99
95 96
95 94
95 74
95 35
22 21
22 57
33 32
34 7
34 43
36 31
59 19
59 73
59 60
59 58
12 13
11 3
10 92
10 47
10 13
8 2
17 18
17 58
16 79
16 48
15 71
73 74
73 78
73 72
25 5
29 42
29 30
67 84
67 68
67 54
2 21
2 3
44 45
44 46
43 71
41 97
47 20
47 81
46 74
45 71
79 80
62 63
61 60
61 30
61 32
61 4
52 53
52 19
56 55
56 76
63 64
3 55
3 18
71 94
71 70
81 82
88 87
88 91
88 89
88 74
85 86
84 83
69 94
69 70
87 86
91 82
91 90
91 96
93 99
93 94
94 96
75 82
98 99
98 97
