5
10
20
30
40
50
100
60 61
70 71
80 81
90 91
98 99
0 99
72 73
82 83
62 63
52 53
22 23
0 1
12 13
32 33
42 43
0 73
84 85
0 63
3 4
54 55
0 64
0 74
0 91
14 15
24 25
34 35
44 45
0 65
76 77
0 85
93 94
5 6
56 57
0 66
0 86
0 15
0 25
0 35
0 45
0 67
0 77
0 87
0 94
0 6
17 18
27 28
0 36
0 46
58 59
0 68
0 78
0 88
0 95
0 7
0 37
0 47
0 2
0 4
0 8
0 11
0 13
0 16
0 18
0 21
0 23
0 26
0 28
0 31
0 69
0 71
0 75
0 79
0 81
0 83
0 89
0 92
0 96
0 33
0 38
0 41
0 43
0 48
0 51
0 53
0 55
0 57
0 59
0 61
0 3
0 5
0 9
0 12
0 14
0 17
0 19
0 22
0 24
0 27
0 29
0 32
