3
62
17
14
98
71 99
44 99
80 99
76 99
0 64
21 99
6 99
30 99
0 2
0 48
4 99
0 22
0 16
89 51
34 99
79 99
64 99
51 99
42 99
57 23
43 23
0 18
0 80
0 23
68 23
81 23
61 23
79 23
28 23
93 23
0 6
85 23
0 57
34 23
27 23
16 23
34 5
35 4
0 89
16 5
4 5
0 95
0 93
0 88
53 5
0 81
0 25
0 91
0 1
19 5
15 5
4 87
4 34
79 5
35 5
47 81
81 5
2 38
10 98
4 9
4 53
88 38
11 38
4 67
72 38
4 54
98 38
4 29
2 82
74 38
4 22
84 38
32 31
33 38
82 38
4 86
4 63
4 75
31 38
93 38
86 38
44 38
76 38
16 53
4 74
4 52
97 53
86 53
27 55
4 37
55 53
3 53
4 2
33 53
10 18
37 18
96 18
58 18
