4
17
19
3
11
100
0 31
0 37
68 97
81 97
0 25
0 16
0 42
0 14
0 45
31 55
0 64
0 38
92 97
0 52
76 12
0 8
79 97
0 87
0 10
0 51
0 28
63 97
0 59
35 52
30 97
55 97
0 75
0 54
51 12
64 97
0 26
0 93
0 27
0 22
0 76
49 97
80 97
5 97
56 12
52 97
83 97
0 9
12 97
39 97
0 68
70 97
0 24
14 97
0 21
0 43
0 20
84 97
92 50
92 42
92 94
10 97
71 97
92 75
47 97
92 37
92 88
92 58
92 95
92 70
92 69
92 14
53 97
92 93
16 97
56 97
63 48
42 48
44 48
33 48
92 60
57 48
32 48
73 48
92 24
92 18
92 31
78 48
37 48
51 48
79 48
92 22
92 54
87 48
93 48
56 48
25 48
38 48
16 13
4 13
92 12
35 22
92 1
68 13
92 44
96 13
