4
38
85
17
26
100
59 99
0 20
0 99
0 37
0 96
0 44
98 99
88 99
0 19
0 1
0 91
0 22
0 87
0 29
0 82
0 84
0 57
0 2
12 63
0 34
0 12
0 77
0 10
0 7
53 99
0 24
72 99
0 83
0 28
0 48
9 99
56 99
0 55
77 99
0 67
91 99
0 16
0 76
0 36
3 99
14 5
0 18
5 99
0 65
94 99
43 99
60 99
2 99
77 1
45 99
29 99
34 99
40 99
61 99
1 99
0 39
0 35
3 73
48 99
0 8
0 27
64 99
73 99
0 6
15 99
0 41
0 66
0 31
28 99
0 62
39 99
0 43
0 89
0 88
0 11
0 72
27 80
32 99
0 93
20 99
79 99
12 34
0 42
62 99
0 40
69 41
0 21
0 59
69 3
69 40
0 25
69 25
80 99
69 68
46 99
30 99
89 99
69 63
69 22
54 99
