1
70
100
87 74
0 91
0 12
0 33
0 44
0 20
0 79
0 89
42 91
0 26
0 74
0 42
74 91
0 71
0 67
13 91
29 91
2 34
0 21
0 45
0 76
0 78
46 91
0 80
0 43
0 58
34 91
0 29
0 17
0 75
0 30
0 27
0 15
0 47
0 62
82 91
27 91
88 91
0 63
0 49
0 3
0 81
0 61
0 66
0 38
0 52
25 91
0 24
0 68
77 91
18 91
0 86
83 91
0 28
47 91
9 91
76 91
7 91
14 91
0 88
85 91
87 91
61 91
37 91
0 32
0 48
52 91
80 91
0 60
56 91
60 91
0 50
79 91
12 91
0 84
40 91
0 13
0 34
0 2
0 39
0 14
0 54
89 91
76 35
84 91
0 19
0 37
0 6
48 91
0 41
10 35
0 72
22 44
0 11
0 5
0 46
0 77
0 18
0 10
90 91
