5
3
39
6
29
84
100
38 94
74 94
0 24
0 87
0 14
0 19
0 55
41 94
91 9
0 67
1 94
25 94
0 47
0 12
0 32
9 94
13 94
0 90
62 94
0 42
73 94
0 82
70 94
0 77
71 94
0 81
69 94
0 43
0 63
0 71
0 93
15 94
0 17
0 26
0 60
0 23
0 91
0 66
0 46
0 79
87 94
0 80
67 94
17 94
86 94
0 92
5 94
0 21
0 61
0 10
0 34
0 8
32 94
0 57
0 45
0 44
0 72
0 25
0 48
0 36
0 85
0 53
91 94
0 76
0 89
2 94
0 52
0 49
7 94
63 94
4 94
0 94
49 94
52 94
0 38
21 94
82 94
35 94
8 94
0 18
0 58
0 41
0 15
19 94
0 20
60 94
0 7
0 11
0 64
0 65
0 51
18 94
28 94
45 94
40 94
44 94
47 94
14 94
0 62
0 30
