4
36
81
14
57
99
0 46
0 80
5 99
0 83
0 88
0 75
53 99
41 99
11 99
0 20
0 45
0 60
0 13
40 99
0 10
0 86
0 99
0 47
0 92
0 64
0 24
0 42
75 99
0 23
15 99
0 95
0 67
50 99
0 70
0 12
0 89
0 77
0 33
0 1
32 99
0 87
0 62
0 37
0 68
0 9
0 93
0 32
0 51
0 59
0 29
0 74
0 15
0 11
70 99
60 99
17 99
47 99
0 50
0 53
91 99
65 99
38 99
16 99
72 99
79 99
0 85
0 7
0 4
9 99
0 63
59 99
0 96
48 99
52 99
0 49
0 27
37 99
67 99
89 99
0 73
0 54
61 99
56 99
92 99
0 72
0 2
69 99
49 99
0 41
73 99
35 99
0 66
0 56
62 99
30 99
0 90
0 52
0 61
0 44
96 83
0 48
0 22
55 99
0 34
