5
1
6
44
31
80
100
0 64
0 71
0 61
72 99
42 99
25 99
88 99
75 99
0 17
0 87
0 13
0 98
0 92
0 89
53 99
49 99
2 99
0 12
0 28
0 88
0 3
0 51
0 94
9 99
0 54
0 29
0 58
0 11
15 99
0 68
82 99
73 99
66 99
34 99
43 99
0 55
87 99
0 79
84 99
0 41
0 43
0 30
0 40
0 50
83 99
0 95
25 35
0 69
0 67
0 45
0 59
0 32
0 8
0 4
68 99
0 91
38 99
86 99
0 83
0 90
0 33
0 65
93 55
35 99
62 99
79 99
85 99
93 52
93 10
20 99
52 99
93 90
50 99
10 99
64 98
93 40
27 99
93 96
48 90
93 11
93 47
93 22
93 37
93 17
93 19
93 39
93 63
98 99
93 28
93 3
70 71
12 99
93 76
93 9
93 45
93 98
93 23
93 83
93 30
93 7
