5
1
26
14
89
67
100
64 99
0 61
12 99
0 50
0 88
0 81
85 99
0 16
48 99
58 99
0 68
0 90
63 99
82 99
0 25
51 99
71 99
0 93
68 99
57 99
8 99
90 99
23 99
29 99
83 99
0 85
60 99
0 65
0 20
0 24
0 36
0 92
16 99
0 34
50 99
49 99
0 51
95 99
81 99
0 76
0 94
35 99
53 99
87 99
0 19
0 78
77 99
92 99
0 40
0 54
76 99
46 99
0 99
0 29
0 12
9 99
0 18
74 99
59 99
0 44
61 99
72 99
0 64
33 99
34 99
0 91
0 84
43 99
0 28
0 35
0 3
44 99
0 82
0 73
0 10
0 60
0 27
0 71
0 79
0 41
0 95
0 39
0 66
0 38
0 5
98 99
27 99
54 99
20 99
0 74
55 99
31 99
0 42
0 30
75 99
0 59
0 2
0 48
0 46
0 55
