5
61
29
38
23
53
100
0 37
0 47
0 78
0 74
0 82
0 71
0 76
0 13
0 31
0 36
0 33
0 21
0 1
0 69
0 57
68 55
68 67
68 62
68 21
68 65
56 82
68 27
42 80
68 4
12 13
68 52
68 30
68 73
68 48
68 69
74 82
68 43
68 42
68 8
68 37
68 28
68 50
68 77
14 54
14 26
44 82
14 32
24 82
80 82
72 82
62 13
16 82
41 82
50 82
14 51
14 11
13 82
14 58
14 47
81 82
64 22
64 71
54 82
75 82
64 82
14 2
1 82
7 82
21 82
14 48
9 78
48 78
47 78
9 43
14 64
14 17
14 24
77 78
62 78
14 70
14 65
21 34
2 78
10 78
30 43
70 78
34 78
4 78
14 15
43 78
14 9
37 78
12 78
14 79
49 78
14 5
52 58
14 74
80 78
14 73
14 41
14 52
14 13
5 78
79 78
