5
75
79
20
43
54
100
0 30
0 34
0 96
0 48
0 87
4 99
0 70
89 99
0 17
0 26
10 99
87 99
0 68
0 94
0 10
0 82
0 4
0 57
0 99
83 99
41 32
57 12
39 99
0 27
0 22
0 63
0 92
0 42
0 55
0 12
0 8
32 34
45 99
25 99
73 99
46 24
6 99
34 99
0 1
59 99
24 99
53 99
96 99
5 99
51 99
42 99
0 86
90 99
21 99
22 99
55 99
41 99
7 99
0 32
81 99
0 25
71 99
15 99
0 74
0 50
32 99
0 40
47 99
19 99
31 99
0 81
0 73
1 23
33 99
0 62
0 64
0 69
0 33
42 92
0 78
0 72
0 41
0 19
0 61
0 46
0 5
92 99
0 18
14 99
0 77
0 31
0 56
2 99
0 89
0 95
35 40
0 36
23 99
0 35
91 99
12 99
77 99
13 99
86 99
0 51
