5
46
4
44
6
48
100
43 98
47 98
0 24
34 45
26 45
0 3
14 45
0 7
0 2
0 19
84 45
64 45
0 5
30 45
0 29
0 49
0 9
0 39
34 38
0 74
22 45
8 45
18 45
28 45
0 79
0 69
0 59
89 10
89 40
89 20
30 36
30 24
38 45
42 45
30 19
68 45
30 17
30 9
78 45
58 45
34 88
30 12
17 88
23 88
16 28
12 28
30 25
24 28
30 75
31 28
30 39
30 29
30 14
37 28
30 43
25 28
3 28
20 13
30 5
20 26
56 28
81 28
53 28
62 28
87 28
40 34
8 28
30 95
20 47
63 28
34 13
38 28
13 28
2 75
40 32
30 65
33 32
15 32
25 32
7 32
30 69
16 32
20 29
57 32
30 15
43 32
30 94
21 32
30 59
31 32
30 54
30 35
10 14
30 79
30 64
30 85
82 32
93 32
71 32
96 32
