5
89
64
40
11
74
100
0 27
0 55
18 96
0 5
78 96
0 26
0 18
0 78
0 82
5 96
9 96
0 93
0 7
0 76
0 39
0 75
0 61
58 96
0 72
0 47
0 2
0 10
61 96
32 96
0 91
58 10
0 50
58 38
94 96
0 90
20 96
0 19
0 58
0 25
21 96
0 45
0 94
82 96
0 13
0 73
42 96
0 70
0 28
0 1
0 44
0 42
0 77
0 3
29 96
0 30
0 95
21 80
0 79
10 96
0 54
0 17
0 21
25 96
38 80
0 16
34 96
0 12
0 38
88 96
80 96
0 22
0 81
0 32
75 96
0 46
0 35
65 96
51 96
0 8
0 96
0 59
30 96
28 96
54 96
38 96
15 46
70 96
0 60
0 41
0 9
0 20
0 23
46 95
0 15
0 52
0 56
0 57
0 29
95 96
49 36
0 51
0 88
90 96
36 96
0 68
