3
80
2
75
100
0 99
23 99
91 99
70 99
0 96
73 63
0 49
10 99
76 99
79 99
63 99
98 99
0 29
0 91
0 8
0 45
72 23
54 41
0 20
52 41
0 66
62 41
10 41
76 41
28 41
23 41
22 41
8 41
70 41
0 19
0 74
59 43
27 43
8 43
19 43
93 43
89 43
0 57
78 43
23 43
79 43
55 43
3 42
0 4
0 87
0 65
0 86
0 3
61 70
35 42
0 54
39 42
18 42
44 42
92 76
92 68
92 79
92 44
92 53
11 70
92 94
92 25
92 87
92 13
92 11
92 16
92 12
19 71
74 42
19 82
19 25
19 58
65 42
19 39
19 54
47 42
62 42
70 42
91 42
81 63
19 22
11 63
48 63
76 63
85 25
18 24
53 63
19 68
19 17
19 18
19 89
19 12
19 87
19 53
85 17
85 18
85 44
85 11
85 90
8 63
