0
100
0 99
0 72
33 99
20 99
30 17
46 99
0 78
81 99
0 26
17 99
47 99
49 99
60 99
66 99
0 87
0 85
35 99
11 9
0 23
0 28
0 43
0 86
0 13
0 20
0 98
32 99
9 3
0 52
0 82
0 48
86 99
0 51
0 64
0 37
0 39
3 99
0 24
0 41
0 33
14 99
0 67
0 29
0 32
0 89
55 99
25 99
28 99
50 99
0 9
73 99
89 99
0 12
98 99
51 99
0 68
0 25
0 92
0 6
0 94
0 7
0 4
0 76
13 99
0 19
0 58
0 22
0 38
82 99
12 99
24 99
0 17
0 75
15 12
0 44
0 91
0 11
0 71
0 83
43 99
74 57
0 31
56 99
48 99
0 14
0 16
96 99
57 99
0 55
0 40
0 77
22 99
26 99
40 99
57 16
66 24
57 36
57 82
57 98
57 86
57 8
