5
11
54
46
48
81
100
0 76
52 89
41 93
1 93
0 24
0 93
89 93
0 23
18 93
0 42
0 43
0 35
65 93
2 93
0 64
35 93
0 25
86 93
4 93
56 93
0 71
51 93
32 93
0 17
53 93
62 93
57 93
20 93
0 83
70 93
87 93
75 93
26 93
0 8
0 52
77 93
0 90
43 93
59 29
92 93
0 61
0 57
0 40
0 22
0 70
0 65
0 80
0 78
67 93
8 93
0 36
0 85
12 93
0 41
14 69
14 67
14 6
29 93
14 19
14 23
14 68
14 35
14 78
14 85
50 93
17 93
49 52
14 72
14 5
14 33
8 52
56 52
39 52
57 52
2 52
76 24
14 28
14 80
24 52
79 52
16 52
14 73
18 52
14 86
59 52
27 52
14 34
30 52
75 52
14 39
10 52
14 61
14 90
62 52
74 52
78 83
14 92
14 45
83 52
14 15
