5
70
48
50
4
8
100
51 99
26 99
0 44
40 20
2 99
68 99
40 23
0 37
20 99
44 23
93 23
33 23
63 23
80 23
44 74
0 69
0 5
0 31
74 94
0 86
37 94
0 7
0 13
0 62
77 94
0 26
32 94
0 66
0 54
0 96
0 34
12 73
12 66
63 82
63 72
63 21
31 94
63 59
63 33
11 94
88 94
21 94
84 94
14 94
86 94
16 94
68 91
63 90
63 31
82 91
63 71
3 91
90 91
93 91
83 91
31 91
53 91
72 77
63 97
96 28
63 85
13 28
63 60
97 28
63 84
63 5
32 82
32 69
32 95
32 62
32 43
32 11
32 38
52 28
32 87
2 28
32 29
32 64
88 28
26 16
77 28
86 28
90 76
26 84
26 3
26 76
26 51
26 66
26 67
26 17
26 96
89 76
26 65
26 90
64 76
6 76
95 76
21 76
19 76
82 76
