3
4
91
35
100
0 92
59 79
73 92
77 92
0 59
0 37
83 92
0 6
56 1
34 92
66 92
71 92
1 92
60 92
0 23
0 62
0 20
51 56
0 41
28 92
0 68
46 92
70 92
56 92
18 92
0 13
0 84
0 73
0 67
0 22
0 75
0 5
41 92
12 92
0 8
0 71
0 42
0 82
36 92
26 92
0 69
11 92
0 64
37 92
51 92
55 92
74 92
0 2
81 92
0 28
49 92
6 92
0 72
0 7
2 92
32 92
87 92
89 92
80 92
25 92
14 92
38 92
69 92
0 24
75 92
0 51
0 65
0 33
22 92
0 48
10 92
0 80
90 92
7 92
0 29
44 92
47 92
0 3
61 92
43 92
0 9
0 11
40 92
0 43
48 92
0 58
62 92
52 92
5 92
84 92
0 79
0 17
82 92
0 81
0 32
21 92
0 45
0 76
17 92
0 40
