4
77
22
25
15
100
0 98
76 91
0 30
74 99
18 99
7 99
91 99
95 99
0 6
0 20
0 81
0 68
0 19
0 71
96 99
21 99
13 99
8 28
73 99
0 10
28 99
31 99
0 8
71 99
5 99
76 99
20 99
0 3
0 80
0 70
0 90
0 69
0 28
3 16
0 94
3 10
67 99
0 2
1 99
0 7
0 23
0 78
0 85
0 86
0 84
16 99
10 99
0 14
0 97
0 9
0 73
0 87
0 11
32 2
0 29
0 67
0 4
0 34
0 74
79 99
0 83
0 27
0 75
90 99
0 91
87 99
0 79
88 99
2 99
0 72
0 21
66 99
93 99
94 99
6 99
0 96
0 92
84 99
0 82
23 99
83 99
0 88
79 12
72 99
0 18
0 33
0 5
0 31
30 99
12 99
0 16
0 93
0 26
0 17
0 24
0 32
0 13
0 76
89 99
0 12
