4
56
28
75
30
100
84 95
20 95
94 9
0 42
22 95
0 32
0 45
41 87
0 94
92 95
9 95
0 23
18 95
79 95
32 95
74 95
0 6
0 41
0 12
0 43
0 16
0 26
0 48
0 25
19 95
0 81
48 95
0 66
37 95
77 95
62 95
2 95
0 36
0 13
50 95
0 35
63 95
0 17
44 95
0 68
0 37
0 1
0 69
0 38
0 58
42 95
0 51
0 7
0 15
0 8
0 18
0 95
0 73
0 89
0 29
0 5
13 95
58 95
0 24
0 63
72 95
61 95
0 21
0 31
0 40
0 52
0 67
4 95
0 55
0 71
0 49
0 33
0 79
15 95
59 95
0 4
0 39
0 70
0 3
31 95
0 60
0 19
79 5
0 90
0 57
33 95
0 91
0 11
0 74
0 80
0 46
5 95
0 87
0 85
0 10
0 64
0 2
0 34
0 59
0 78
