0
100
0 59
0 26
38 59
49 59
0 22
0 40
0 35
32 17
20 59
52 59
29 10
40 10
30 10
25 56
36 10
43 10
20 10
19 38
37 7
25 32
28 7
25 35
8 7
27 3
25 29
25 22
25 44
32 34
45 34
52 34
11 22
11 18
57 16
11 47
11 19
49 16
23 16
37 16
11 45
56 16
11 35
38 45
37 24
38 27
38 30
37 30
55 16
47 16
15 16
13 16
41 24
53 24
31 28
49 28
13 28
52 28
49 26
51 26
15 20
1 33
58 33
5 33
46 33
31 13
5 13
17 13
44 57
44 23
44 54
44 29
35 1
19 58
35 23
35 32
19 48
19 32
30 17
30 49
30 27
56 43
2 23
2 40
2 55
45 43
8 43
56 29
56 18
1 43
41 43
56 17
54 40
56 54
57 43
42 48
46 41
46 54
46 22
42 58
29 58
6 47
