5
12
13
51
4
6
100
14 74
42 74
37 74
0 74
73 74
0 24
0 46
0 66
20 74
57 74
0 49
0 67
0 16
0 9
0 52
0 20
25 74
0 33
0 64
0 28
0 48
18 74
0 42
39 74
15 32
0 1
0 58
0 27
0 32
0 70
0 10
0 56
0 63
0 30
0 72
0 38
24 74
0 73
0 22
0 65
0 15
0 59
0 34
0 62
0 43
49 74
0 45
0 31
0 55
0 37
0 23
0 5
0 18
0 69
0 29
66 74
32 74
34 74
0 60
9 74
43 74
50 74
0 17
64 74
0 40
0 19
0 61
0 44
62 74
8 74
0 3
0 54
0 47
0 71
0 8
42 41
0 39
0 36
0 25
0 50
0 14
0 7
0 57
41 74
58 74
48 74
71 74
0 11
0 35
44 74
40 74
0 2
0 21
42 17
0 26
0 53
0 68
46 54
17 74
56 74
