5
21
73
3
35
92
100
16 44
5 98
83 98
64 98
30 69
0 61
69 98
0 28
0 90
0 43
0 40
0 17
50 18
0 47
31 18
82 46
20 97
0 62
18 98
0 11
0 10
0 78
0 9
0 49
51 46
0 86
0 57
0 69
0 64
0 74
72 46
29 98
0 79
0 45
0 44
13 98
6 98
77 61
0 29
0 98
0 13
34 61
0 58
0 41
0 77
0 82
0 81
0 16
0 52
79 98
0 60
0 91
0 53
0 71
0 25
46 98
0 24
0 96
0 37
0 27
0 85
0 39
0 66
0 34
95 98
0 54
0 88
0 94
0 55
0 2
0 18
0 68
0 75
0 97
0 30
0 76
0 22
0 4
0 14
0 46
0 1
0 5
0 6
0 65
0 95
0 20
0 59
66 61
0 72
0 80
0 63
0 33
0 38
0 7
0 26
0 15
0 19
0 83
0 51
93 98
