5
66
53
65
61
60
100
0 41
0 34
0 38
73 99
0 31
0 32
0 43
0 28
68 99
0 26
58 99
0 37
62 99
0 29
0 19
0 23
0 27
0 5
97 99
90 99
0 8
89 99
48 93
0 20
0 10
0 17
0 13
0 16
0 18
0 4
0 7
0 25
0 2
0 11
0 14
0 1
75 99
0 9
0 6
80 99
3 43
3 37
3 51
64 99
3 34
3 44
3 31
3 29
67 99
3 4
3 27
86 99
3 26
81 99
87 99
54 83
82 99
94 99
3 6
3 16
3 5
3 12
93 99
49 98
76 99
84 99
3 14
85 99
50 88
83 99
72 99
92 99
78 99
3 7
79 99
88 99
95 99
91 99
3 23
3 20
3 15
51 98
3 8
50 98
3 13
3 17
3 2
3 11
3 1
3 10
79 98
72 98
19 56
19 49
57 98
74 98
71 98
19 55
78 98
19 40
