0
100
0 50
0 3
0 11
0 20
0 22
0 23
0 33
0 40
0 44
0 47
0 1
0 4
0 9
0 10
0 16
0 31
0 35
0 41
0 45
0 46
48 11
48 20
48 44
48 47
48 2
48 29
48 30
48 34
48 42
48 10
48 19
48 4
48 9
48 35
48 45
48 5
48 21
48 36
39 22
39 23
39 33
39 44
39 43
39 10
39 28
39 12
39 14
39 38
39 4
39 49
39 35
39 41
39 37
21 20
21 22
21 44
21 47
21 42
21 30
21 13
21 26
21 27
21 19
21 41
21 37
18 23
18 44
18 2
18 30
18 10
18 46
18 6
18 26
18 14
18 27
18 28
18 32
18 38
45 22
45 23
45 29
45 30
45 34
45 1
45 31
45 6
45 17
45 19
45 25
45 27
45 28
45 32
45 36
45 38
45 46
49 11
49 33
49 7
49 30
49 1
