2
45
89
100
0 99
57 99
76 99
80 99
0 62
0 48
0 25
59 99
0 35
0 72
0 65
44 99
58 99
87 99
65 8
73 99
52 84
0 27
8 99
56 99
15 99
38 99
0 21
0 61
0 41
0 55
0 94
20 99
0 54
0 14
0 67
0 91
0 73
5 62
0 97
0 92
0 81
0 16
0 10
0 15
12 99
0 70
0 2
41 99
62 99
0 23
0 79
0 98
0 71
48 99
0 3
0 77
0 90
81 99
0 47
0 49
0 80
0 88
0 12
0 57
0 13
0 38
78 99
0 37
0 63
60 42
0 30
0 84
0 50
0 60
0 59
0 83
0 36
0 17
42 99
0 43
69 99
0 53
6 99
13 99
4 99
7 99
0 46
0 26
67 99
0 66
40 99
96 99
0 56
31 99
54 99
75 3
22 49
55 17
65 99
40 49
84 99
3 99
0 76
49 99
