5
93
80
81
24
83
100
0 18
5 99
0 16
59 99
0 70
0 47
0 71
0 98
0 41
0 53
0 43
0 61
0 95
0 40
97 6
35 99
18 15
10 99
82 91
0 60
4 99
0 5
52 99
15 99
79 99
0 9
0 39
0 26
0 97
0 56
0 46
0 65
0 7
14 99
0 31
0 88
0 29
0 64
2 99
91 99
53 99
0 90
78 21
45 99
56 99
0 96
0 94
16 99
21 99
18 99
60 30
0 73
40 99
0 67
44 90
94 99
85 99
64 99
76 99
30 99
90 99
0 59
43 99
0 8
96 99
68 99
0 34
0 12
0 27
0 72
0 44
0 74
28 99
71 76
92 99
0 33
0 68
0 1
0 13
0 2
0 32
0 19
0 91
37 2
37 36
37 27
73 99
37 61
37 94
37 28
39 99
6 99
41 99
37 4
97 99
37 1
37 89
20 99
37 46
7 99
