5
1
3
5
8
7
100
6 9
10 11
11 12
11 14
13 18
20 25
13 16
13 15
13 12
13 14
13 17
21 22
19 22
19 18
19 23
21 23
22 23
19 20
19 16
19 21
19 17
15 16
15 17
20 24
15 14
15 20
15 18
12 14
12 16
17 18
16 21
16 18
28 30
30 35
28 32
20 23
20 21
20 22
18 22
24 23
24 26
24 28
24 25
24 29
24 27
32 34
32 33
25 23
25 26
27 29
27 28
27 26
23 29
23 26
28 26
28 29
28 33
31 32
31 30
31 29
31 33
26 29
30 36
30 33
30 34
30 29
29 34
33 35
33 34
41 44
38 39
36 37
36 35
36 38
36 40
36 39
41 42
41 43
41 40
41 45
41 39
41 37
38 40
41 35
38 37
38 35
42 43
42 40
42 39
37 39
37 40
35 39
43 45
43 44
43 46
47 48
47 46
45 50
45 46
45 48
