5
22
10
61
83
72
100
84 95
0 27
0 46
9 95
91 95
0 58
67 95
70 95
0 21
12 95
80 95
44 95
53 95
0 2
27 95
88 95
25 95
56 95
5 95
0 95
53 45
82 95
0 47
0 67
0 51
0 53
0 57
0 25
66 95
74 95
93 95
81 95
17 95
14 95
45 95
0 86
0 90
52 95
48 95
40 95
71 95
0 69
0 82
0 39
28 95
0 7
0 78
0 74
0 88
0 80
0 94
0 24
0 42
18 95
0 9
0 6
0 14
0 15
0 12
0 18
0 28
0 11
86 95
0 13
0 63
0 71
0 1
0 56
0 19
2 95
0 17
0 5
86 7
0 70
0 48
0 26
0 4
49 95
16 95
85 95
0 79
7 95
0 45
0 77
0 75
37 95
0 55
63 95
21 95
94 95
0 30
26 95
64 95
19 95
62 1
11 95
0 44
2 79
0 66
0 33
