0
100
0 99
0 39
0 29
0 71
76 99
0 14
0 23
80 99
0 18
86 99
25 99
0 43
0 69
22 64
22 99
0 42
64 99
93 99
0 37
0 89
79 99
21 99
3 99
61 99
85 26
0 5
60 99
0 63
33 11
0 58
2 99
0 79
54 99
0 27
0 53
0 65
0 35
0 25
0 16
11 99
0 83
0 33
66 99
0 31
92 99
34 99
0 98
83 99
0 61
0 93
0 7
53 99
0 24
97 5
82 99
20 99
5 99
42 99
0 15
62 99
32 99
58 99
10 99
0 2
57 99
75 99
0 50
0 49
0 92
0 78
0 59
65 99
0 68
13 24
85 99
81 99
52 24
0 67
0 60
73 99
0 72
0 13
0 74
29 84
47 99
0 73
24 99
16 99
0 96
23 99
14 99
0 12
0 62
0 55
8 99
84 99
0 41
0 86
0 28
0 8
