5
60
54
28
78
79
100
0 4
0 18
0 75
87 89
0 6
19 89
0 86
27 89
0 43
0 71
1 89
64 89
0 24
0 63
0 88
0 66
0 40
0 61
0 21
43 89
86 89
81 89
70 89
44 89
59 89
62 89
40 89
35 89
16 89
0 50
32 89
71 89
50 39
0 7
44 39
0 22
0 37
66 39
71 15
13 65
62 39
52 39
35 39
15 39
36 39
13 12
13 87
13 6
77 55
13 82
13 88
13 10
73 39
11 39
38 39
67 58
13 27
13 42
55 39
13 34
13 44
13 55
58 39
3 39
84 39
56 39
57 39
13 75
13 67
13 9
48 68
13 85
12 68
36 68
43 68
62 45
10 68
13 15
13 53
45 68
20 23
13 58
14 62
14 76
14 66
42 41
75 68
14 40
14 47
26 68
23 68
14 83
14 65
14 42
31 68
72 68
38 82
14 27
14 22
14 36
