4
2
69
25
51
100
0 4
0 45
0 11
73 71
73 36
73 56
73 76
12 27
12 31
12 65
12 28
12 60
60 36
60 6
62 79
29 79
60 52
60 77
67 62
67 19
45 47
55 79
21 79
47 79
19 36
9 34
43 55
10 55
17 55
45 32
63 32
67 52
5 32
77 32
19 48
67 22
67 9
43 75
48 32
45 30
67 59
67 16
33 19
29 32
5 70
22 37
13 32
22 20
22 71
22 10
17 19
17 35
17 42
8 19
37 15
45 75
8 71
8 42
8 4
18 10
30 6
5 76
43 61
29 10
44 28
24 10
45 20
64 28
45 58
45 27
59 44
3 20
44 20
48 77
4 20
48 58
24 57
63 57
5 47
58 62
30 62
48 43
48 1
48 29
23 16
63 21
37 16
37 68
37 30
43 59
4 24
4 13
65 27
65 43
65 64
5 64
5 53
5 1
5 42
66 56
