4
18
51
73
49
100
0 32
0 29
84 85
62 94
0 77
0 84
59 94
6 94
0 16
93 94
0 43
0 46
0 38
34 94
0 19
0 71
0 28
0 86
0 9
0 23
4 94
0 1
0 58
0 15
8 94
0 39
11 94
87 94
47 94
0 80
84 94
0 82
17 32
93 32
0 25
0 89
0 53
0 91
0 17
87 28
87 75
92 59
87 86
27 32
90 32
87 85
33 32
54 32
58 32
14 32
28 32
3 32
56 31
8 32
87 6
79 32
87 66
87 88
31 32
71 32
34 32
87 43
22 32
55 32
13 62
69 62
87 92
53 62
1 62
78 93
14 62
44 62
87 27
25 62
90 62
61 62
61 28
93 62
89 27
31 62
87 16
87 64
17 62
27 62
87 53
23 62
28 62
87 46
87 5
87 63
87 77
87 89
87 42
87 19
87 34
50 5
12 63
17 63
1 63
39 63
