5
1
8
2
10
42
100
69 76
91 99
0 7
0 9
0 3
0 6
0 5
47 55
4 17
4 13
4 18
4 11
4 16
4 15
4 14
4 12
4 19
20 24
67 72
67 79
87 95
84 93
63 73
48 54
20 26
20 9
20 30
20 25
51 63
65 77
49 55
51 66
20 22
20 5
20 23
20 29
20 28
20 7
20 6
20 27
20 21
3 17
3 16
3 19
3 18
50 56
47 60
3 15
3 13
3 14
45 55
3 12
11 27
11 23
11 22
11 7
70 79
66 80
11 25
83 96
85 95
86 90
11 30
11 9
11 29
11 5
36 46
11 28
11 21
11 6
11 24
95 99
26 33
51 67
26 34
26 13
26 36
26 40
38 49
26 18
26 12
26 38
26 16
26 37
26 17
26 19
26 15
26 14
26 32
26 31
26 35
39 48
98 99
96 99
83 90
82 93
87 90
87 93
85 93
81 90
