5
88
14
26
5
17
100
0 11
0 68
0 59
90 36
0 58
65 99
0 42
0 66
0 89
0 45
30 99
87 99
25 12
15 99
25 24
25 74
25 98
25 63
7 99
36 99
9 99
52 66
25 79
93 66
25 59
25 96
25 43
2 91
2 96
2 6
2 41
2 47
36 6
36 37
13 66
36 23
22 29
19 66
61 66
36 51
29 66
36 60
36 35
22 75
98 85
4 85
33 85
22 41
22 1
22 57
22 46
68 85
22 4
48 85
22 45
22 90
1 85
55 9
55 48
83 85
55 86
55 89
31 85
56 85
39 47
55 60
42 32
47 32
55 87
72 31
30 96
38 45
62 32
55 80
55 73
38 39
38 72
38 19
1 32
38 71
38 30
38 90
87 32
38 10
38 29
84 63
84 92
96 32
45 32
52 32
44 19
37 19
87 19
77 59
12 19
84 81
42 28
98 19
93 19
63 19
