5
65
4
67
43
18
100
0 77
0 57
12 99
1 32
0 98
0 60
0 1
56 44
8 99
6 99
83 99
56 30
64 57
60 57
38 57
47 57
41 57
40 57
56 12
56 42
52 92
31 92
74 92
70 92
42 92
56 77
56 8
56 54
56 20
13 98
78 98
13 10
80 98
1 98
62 98
74 98
13 16
13 8
32 95
13 50
13 97
91 95
13 96
13 21
13 59
70 97
62 95
80 95
70 23
17 95
48 95
60 95
53 95
93 95
70 73
81 5
70 64
70 59
70 45
53 5
29 97
38 5
29 77
50 5
3 5
42 5
29 82
29 71
29 79
88 14
88 11
88 69
88 87
27 5
88 12
76 71
94 17
90 17
76 89
23 17
72 17
63 17
27 17
48 34
22 17
76 2
45 17
76 36
76 46
76 61
76 32
81 40
81 21
81 9
81 26
81 62
81 47
81 42
45 28
45 41
