5
57
6
19
84
4
100
0 70
0 85
0 78
23 94
0 65
0 14
0 28
46 94
0 36
0 46
31 65
0 79
0 23
0 52
30 94
0 35
79 94
0 91
0 73
0 31
41 94
65 94
67 94
51 94
68 94
0 83
0 77
24 94
0 76
0 71
0 21
53 94
0 47
0 68
0 87
0 7
0 34
0 42
0 63
0 88
0 94
0 40
0 11
0 16
0 89
0 32
0 82
0 51
0 24
0 60
0 56
93 94
0 1
92 94
90 94
5 94
0 62
0 9
0 38
85 94
37 21
0 86
17 94
33 94
0 22
0 61
56 94
32 87
0 50
0 90
18 94
18 47
0 37
0 41
34 17
29 94
0 26
0 49
0 15
0 18
0 13
0 3
0 58
0 33
0 45
0 48
0 74
0 20
0 67
0 80
47 94
0 43
28 94
38 94
87 94
42 94
83 94
0 72
0 12
88 94
