5
3
6
14
26
17
100
81 16
0 45
16 99
0 23
7 21
0 46
8 99
32 99
5 93
8 49
0 21
0 69
0 10
5 36
49 21
0 41
18 21
0 24
19 68
35 21
31 10
0 13
93 21
53 21
27 1
0 28
0 12
0 18
0 7
0 9
0 67
0 15
0 70
12 5
62 8
0 98
12 80
28 62
0 62
12 89
78 80
0 65
0 31
0 25
0 22
10 97
0 20
0 66
0 83
0 63
0 72
29 86
29 28
29 16
29 12
25 12
25 30
25 4
56 60
25 31
25 22
25 94
37 92
37 39
37 77
37 54
37 4
37 52
37 10
37 13
37 49
83 10
83 13
83 8
67 12
67 8
67 13
2 97
67 85
67 2
59 8
59 28
72 33
72 92
72 4
51 7
51 38
51 4
51 52
12 92
12 82
12 23
12 13
12 95
12 7
12 2
12 46
12 31
12 52
4 50
